<?xml version="1.0" encoding="UTF-8" standalone="no"?><testsuite errors="0" failures="0" hostname="dyn208.cs.york.ac.uk" name="default.EqualityTests" tests="1" time="0.00300000"><properties><property name="java.runtime.name" value="Java(TM) SE Runtime Environment"/><property name="sun.boot.library.path" value="/System/Library/Java/JavaVirtualMachines/1.6.0.jdk/Contents/Libraries"/><property name="java.vm.version" value="17.1-b03-307"/><property name="awt.nativeDoubleBuffering" value="true"/><property name="gopherProxySet" value="false"/><property name="mrj.build" value="10M3261"/><property name="java.vm.vendor" value="Apple Inc."/><property name="java.vendor.url" value="http://www.apple.com/"/><property name="path.separator" value=":"/><property name="java.vm.name" value="Java HotSpot(TM) 64-Bit Server VM"/><property name="file.encoding.pkg" value="sun.io"/><property name="sun.java.launcher" value="SUN_STANDARD"/><property name="user.country" value="US"/><property name="sun.os.patch.level" value="unknown"/><property name="java.vm.specification.name" value="Java Virtual Machine Specification"/><property name="user.dir" value="/Users/dimitrioskolovos/Projects/Eclipse/3.6.1/Eclipse.app/Contents/MacOS/workspace/org.eclipse.epsilon.test"/><property name="java.runtime.version" value="1.6.0_22-b04-307-10M3261"/><property name="java.awt.graphicsenv" value="apple.awt.CGraphicsEnvironment"/><property name="java.endorsed.dirs" value="/System/Library/Java/JavaVirtualMachines/1.6.0.jdk/Contents/Home/lib/endorsed"/><property name="os.arch" value="x86_64"/><property name="java.io.tmpdir" value="/var/folders/dI/dI4QPlPmFLCeXcZUQ410-U+++TI/-Tmp-/"/><property name="line.separator" value="&#10;"/><property name="java.vm.specification.vendor" value="Sun Microsystems Inc."/><property name="os.name" value="Mac OS X"/><property name="sun.jnu.encoding" value="MacRoman"/><property name="java.library.path" value=".:/Library/Java/Extensions:/System/Library/Java/Extensions:/usr/lib/java"/><property name="java.specification.name" value="Java Platform API Specification"/><property name="java.class.version" value="50.0"/><property name="sun.management.compiler" value="HotSpot 64-Bit Server Compiler"/><property name="os.version" value="10.6.6"/><property name="http.nonProxyHosts" value="local|*.local|169.254/16|*.169.254/16"/><property name="user.home" value="/Users/dimitrioskolovos"/><property name="user.timezone" value="Europe/London"/><property name="java.awt.printerjob" value="apple.awt.CPrinterJob"/><property name="file.encoding" value="MacRoman"/><property name="java.specification.version" value="1.6"/><property name="java.class.path" value="/Users/dimitrioskolovos/Projects/Eclipse/3.6.1/Eclipse.app/Contents/MacOS/workspace/org.hamcrest.matchers/bin:/Users/dimitrioskolovos/Projects/Eclipse/3.6.1/plugins/org.hamcrest.core_1.1.0.v20090501071000.jar:/Users/dimitrioskolovos/Projects/Eclipse/3.6.1/plugins/org.junit_4.8.1.v4_8_1_v20100427-1100/junit.jar:/Users/dimitrioskolovos/Projects/Eclipse/3.6.1/Eclipse.app/Contents/MacOS/workspace/org.easymock/easymock.jar:/Users/dimitrioskolovos/Projects/Eclipse/3.6.1/Eclipse.app/Contents/MacOS/workspace/org.easymock/easymockclassextension.jar:/Users/dimitrioskolovos/Projects/Eclipse/3.6.1/Eclipse.app/Contents/MacOS/workspace/org.easymock/cglib-2.1_3-src.jar:/Users/dimitrioskolovos/Projects/Eclipse/3.6.1/Eclipse.app/Contents/MacOS/workspace/org.easymock/cglib-nodep-2.1_3.jar:/Users/dimitrioskolovos/Projects/Eclipse/3.6.1/Eclipse.app/Contents/MacOS/workspace/org.eclipse.epsilon.dependencies/bin:/Users/dimitrioskolovos/Projects/Eclipse/3.6.1/Eclipse.app/Contents/MacOS/workspace/org.antlr.runtime_3.1.b1:/Users/dimitrioskolovos/Projects/Eclipse/3.6.1/Eclipse.app/Contents/MacOS/workspace/org.eclipse.epsilon.eol.engine/bin:/Users/dimitrioskolovos/Projects/Eclipse/3.6.1/Eclipse.app/Contents/MacOS/workspace/org.eclipse.epsilon.commons/bin:/Users/dimitrioskolovos/Projects/Eclipse/3.6.1/Eclipse.app/Contents/MacOS/workspace/org.eclipse.epsilon.emc.emf/bin:/Users/dimitrioskolovos/Projects/Eclipse/3.6.1/plugins/org.eclipse.emf_2.6.0.v20100914-1218.jar:/Users/dimitrioskolovos/Projects/Eclipse/3.6.1/plugins/org.eclipse.emf.ecore_2.6.1.v20100914-1218.jar:/Users/dimitrioskolovos/Projects/Eclipse/3.6.1/plugins/org.eclipse.emf.common_2.6.0.v20100914-1218.jar:/Users/dimitrioskolovos/Projects/Eclipse/3.6.1/plugins/org.eclipse.emf.ecore.xmi_2.5.0.v20100521-1846.jar:/Users/dimitrioskolovos/Projects/Eclipse/3.6.1/plugins/org.eclipse.emf.ecore.change_2.5.1.v20100907-1643.jar:/Users/dimitrioskolovos/Projects/Eclipse/3.6.1/plugins/org.eclipse.emf.mapping.xsd2ecore_2.5.0.v20100521-1855.jar:/Users/dimitrioskolovos/Projects/Eclipse/3.6.1/plugins/org.eclipse.emf.ecore.edit_2.6.0.v20100914-1218.jar:/Users/dimitrioskolovos/Projects/Eclipse/3.6.1/plugins/org.eclipse.emf.edit_2.6.0.v20100914-1218.jar:/Users/dimitrioskolovos/Projects/Eclipse/3.6.1/plugins/org.eclipse.emf.mapping_2.6.0.v20100914-1218.jar:/Users/dimitrioskolovos/Projects/Eclipse/3.6.1/plugins/org.eclipse.xsd_2.6.0.v20100914-1218.jar:/Users/dimitrioskolovos/Projects/Eclipse/3.6.1/plugins/org.eclipse.xsd.edit_2.6.0.v20100914-1218.jar:/Users/dimitrioskolovos/Projects/Eclipse/3.6.1/Eclipse.app/Contents/MacOS/workspace/org.eclipse.epsilon.hutn.engine/bin:/Users/dimitrioskolovos/Projects/Eclipse/3.6.1/Eclipse.app/Contents/MacOS/workspace/org.eclipse.epsilon.hutn.model/bin:/Users/dimitrioskolovos/Projects/Eclipse/3.6.1/plugins/org.eclipse.core.runtime_3.6.0.v20100505.jar:/Users/dimitrioskolovos/Projects/Eclipse/3.6.1/plugins/org.eclipse.osgi_3.6.1.R36x_v20100806.jar:/Users/dimitrioskolovos/Projects/Eclipse/3.6.1/plugins/org.eclipse.equinox.common_3.6.0.v20100503.jar:/Users/dimitrioskolovos/Projects/Eclipse/3.6.1/plugins/org.eclipse.core.jobs_3.5.1.R36x_v20100824.jar:/Users/dimitrioskolovos/Projects/Eclipse/3.6.1/plugins/org.eclipse.core.runtime.compatibility.registry_3.3.0.v20100520/runtime_registry_compatibility.jar:/Users/dimitrioskolovos/Projects/Eclipse/3.6.1/plugins/org.eclipse.equinox.registry_3.5.0.v20100503.jar:/Users/dimitrioskolovos/Projects/Eclipse/3.6.1/plugins/org.eclipse.equinox.preferences_3.3.0.v20100503.jar:/Users/dimitrioskolovos/Projects/Eclipse/3.6.1/plugins/org.eclipse.core.contenttype_3.4.100.v20100505-1235.jar:/Users/dimitrioskolovos/Projects/Eclipse/3.6.1/plugins/org.eclipse.equinox.app_1.3.1.R36x_v20100803.jar:/Users/dimitrioskolovos/Projects/Eclipse/3.6.1/Eclipse.app/Contents/MacOS/workspace/org.eclipse.epsilon.antlr.postprocessor.model/bin:/Users/dimitrioskolovos/Projects/Eclipse/3.6.1/Eclipse.app/Contents/MacOS/workspace/org.eclipse.epsilon.hutn.model.antlrAst/bin:/Users/dimitrioskolovos/Projects/Eclipse/3.6.1/Eclipse.app/Contents/MacOS/workspace/org.eclipse.epsilon.hutn.model.config/bin:/Users/dimitrioskolovos/Projects/Eclipse/3.6.1/Eclipse.app/Contents/MacOS/workspace/org.eclipse.epsilon.etl.engine/bin:/Users/dimitrioskolovos/Projects/Eclipse/3.6.1/Eclipse.app/Contents/MacOS/workspace/org.eclipse.epsilon.erl.engine/bin:/Users/dimitrioskolovos/Projects/Eclipse/3.6.1/Eclipse.app/Contents/MacOS/workspace/org.eclipse.epsilon.egl.engine/bin:/Users/dimitrioskolovos/Projects/Eclipse/3.6.1/Eclipse.app/Contents/MacOS/workspace/org.eclipse.epsilon.evl.engine/bin:/Users/dimitrioskolovos/Projects/Eclipse/3.6.1/Eclipse.app/Contents/MacOS/workspace/org.eclipse.epsilon.antlr.postprocessor/bin:/Users/dimitrioskolovos/Projects/Eclipse/3.6.1/Eclipse.app/Contents/MacOS/workspace/org.mockito_1.8.4:/Users/dimitrioskolovos/Projects/Eclipse/3.6.1/Eclipse.app/Contents/MacOS/workspace/org.eclipse.epsilon.test.dependencies/bin:/Users/dimitrioskolovos/Projects/Eclipse/3.6.1/Eclipse.app/Contents/MacOS/workspace/org.eclipse.epsilon.test.dependencies/lib/gunit-1.0.2.jar:/Users/dimitrioskolovos/Projects/Eclipse/3.6.1/Eclipse.app/Contents/MacOS/workspace/org.eclipse.epsilon.eol.engine.test.acceptance/bin:/Users/dimitrioskolovos/Projects/Eclipse/3.6.1/Eclipse.app/Contents/MacOS/workspace/org.eclipse.epsilon.egl.engine.test.dependencies/bin:/Users/dimitrioskolovos/Projects/Eclipse/3.6.1/Eclipse.app/Contents/MacOS/workspace/org.eclipse.epsilon.egl.engine.test.unit/bin:/Users/dimitrioskolovos/Projects/Eclipse/3.6.1/Eclipse.app/Contents/MacOS/workspace/org.eclipse.epsilon.egl.engine.test.acceptance/bin:/Users/dimitrioskolovos/Projects/Eclipse/3.6.1/Eclipse.app/Contents/MacOS/workspace/org.eclipse.epsilon.egl.engine.test/bin:/Users/dimitrioskolovos/Projects/Eclipse/3.6.1/Eclipse.app/Contents/MacOS/workspace/org.eclipse.epsilon.hutn.test.dependencies.model/bin:/Users/dimitrioskolovos/Projects/Eclipse/3.6.1/Eclipse.app/Contents/MacOS/workspace/org.eclipse.epsilon.hutn.test.dependencies/bin:/Users/dimitrioskolovos/Projects/Eclipse/3.6.1/plugins/org.eclipse.uml2.uml_3.1.1.v201008191505.jar:/Users/dimitrioskolovos/Projects/Eclipse/3.6.1/plugins/org.eclipse.uml2.common_1.5.0.v201005031530.jar:/Users/dimitrioskolovos/Projects/Eclipse/3.6.1/Eclipse.app/Contents/MacOS/workspace/org.eclipse.epsilon.hutn.test.acceptance/bin:/Users/dimitrioskolovos/Projects/Eclipse/3.6.1/Eclipse.app/Contents/MacOS/workspace/org.eclipse.epsilon.hutn.test.unit/bin:/Users/dimitrioskolovos/Projects/Eclipse/3.6.1/Eclipse.app/Contents/MacOS/workspace/org.eclipse.epsilon.eol.dt/bin:/Users/dimitrioskolovos/Projects/Eclipse/3.6.1/plugins/org.eclipse.ui_3.6.1.M20100826-1330.jar:/Users/dimitrioskolovos/Projects/Eclipse/3.6.1/plugins/org.eclipse.swt_3.6.1.v3655c.jar:/Users/dimitrioskolovos/Projects/Eclipse/3.6.1/plugins/org.eclipse.swt.cocoa.macosx.x86_64_3.6.1.v3655c.jar:/Users/dimitrioskolovos/Projects/Eclipse/3.6.1/plugins/org.eclipse.jface_3.6.1.M20100825-0800.jar:/Users/dimitrioskolovos/Projects/Eclipse/3.6.1/plugins/org.eclipse.core.commands_3.6.0.I20100512-1500.jar:/Users/dimitrioskolovos/Projects/Eclipse/3.6.1/plugins/org.eclipse.ui.workbench_3.6.1.M20100826-1330.jar:/Users/dimitrioskolovos/Projects/Eclipse/3.6.1/plugins/org.eclipse.debug.core_3.6.0.v20100519.jar:/Users/dimitrioskolovos/Projects/Eclipse/3.6.1/plugins/org.eclipse.core.resources_3.6.0.R36x_v20100825-0600.jar:/Users/dimitrioskolovos/Projects/Eclipse/3.6.1/plugins/org.eclipse.debug.ui_3.6.1.v20100901_r361.jar:/Users/dimitrioskolovos/Projects/Eclipse/3.6.1/plugins/org.eclipse.jface.text_3.6.1.r361_v20100825-0800.jar:/Users/dimitrioskolovos/Projects/Eclipse/3.6.1/plugins/org.eclipse.text_3.5.0.v20100601-1300.jar:/Users/dimitrioskolovos/Projects/Eclipse/3.6.1/plugins/org.eclipse.ui.console_3.5.0.v20100526.jar:/Users/dimitrioskolovos/Projects/Eclipse/3.6.1/plugins/org.eclipse.ui.editors_3.6.1.r361_v20100825-0800.jar:/Users/dimitrioskolovos/Projects/Eclipse/3.6.1/plugins/org.eclipse.core.filebuffers_3.5.100.v20100520-0800.jar:/Users/dimitrioskolovos/Projects/Eclipse/3.6.1/plugins/org.eclipse.ui.workbench.texteditor_3.6.1.r361_v20100714-0800.jar:/Users/dimitrioskolovos/Projects/Eclipse/3.6.1/plugins/org.eclipse.ui.ide_3.6.1.M20100825-0800.jar:/Users/dimitrioskolovos/Projects/Eclipse/3.6.1/plugins/org.eclipse.ui.views_3.5.0.I20100527-0800.jar:/Users/dimitrioskolovos/Projects/Eclipse/3.6.1/Eclipse.app/Contents/MacOS/workspace/org.eclipse.epsilon.common.dt/bin:/Users/dimitrioskolovos/Projects/Eclipse/3.6.1/plugins/org.eclipse.core.variables_3.2.400.v20100505.jar:/Users/dimitrioskolovos/Projects/Eclipse/3.6.1/plugins/org.eclipse.emf.ecore.editor_2.6.0.v20100914-1218.jar:/Users/dimitrioskolovos/Projects/Eclipse/3.6.1/plugins/org.eclipse.emf.edit.ui_2.6.0.v20100914-1218.jar:/Users/dimitrioskolovos/Projects/Eclipse/3.6.1/plugins/org.eclipse.emf.common.ui_2.6.0.v20100914-1218.jar:/Users/dimitrioskolovos/Projects/Eclipse/3.6.1/Eclipse.app/Contents/MacOS/workspace/org.eclipse.epsilon.util.emf/bin:/Users/dimitrioskolovos/Projects/Eclipse/3.6.1/Eclipse.app/Contents/MacOS/workspace/org.eclipse.epsilon.emc.composite/bin:/Users/dimitrioskolovos/Projects/Eclipse/3.6.1/Eclipse.app/Contents/MacOS/workspace/org.eclipse.epsilon.ecl.engine/bin:/Users/dimitrioskolovos/Projects/Eclipse/3.6.1/Eclipse.app/Contents/MacOS/workspace/org.eclipse.epsilon.hutn.dt/bin:/Users/dimitrioskolovos/Projects/Eclipse/3.6.1/Eclipse.app/Contents/MacOS/workspace/org.eclipse.epsilon.hutn.dt.test/bin:/Users/dimitrioskolovos/Projects/Eclipse/3.6.1/Eclipse.app/Contents/MacOS/workspace/org.eclipse.epsilon.hutn.test/bin:/Users/dimitrioskolovos/Projects/Eclipse/3.6.1/Eclipse.app/Contents/MacOS/workspace/org.eclipse.epsilon.hutn.unparser/bin:/Users/dimitrioskolovos/Projects/Eclipse/3.6.1/Eclipse.app/Contents/MacOS/workspace/org.eclipse.epsilon.hutn.unparser.test.unit/bin:/Users/dimitrioskolovos/Projects/Eclipse/3.6.1/Eclipse.app/Contents/MacOS/workspace/org.eclipse.epsilon.hutn.xmi/bin:/Users/dimitrioskolovos/Projects/Eclipse/3.6.1/Eclipse.app/Contents/MacOS/workspace/org.eclipse.epsilon.hutn.xmi.test.unit/bin:/Users/dimitrioskolovos/Projects/Eclipse/3.6.1/Eclipse.app/Contents/MacOS/workspace/org.eclipse.epsilon.hutn.xmi.test.integration/bin:/Users/dimitrioskolovos/Projects/Eclipse/3.6.1/Eclipse.app/Contents/MacOS/workspace/org.eclipse.epsilon.hutn.xmi.test/bin:/Users/dimitrioskolovos/Projects/Eclipse/3.6.1/Eclipse.app/Contents/MacOS/workspace/org.eclipse.epsilon.emc.emf.test/bin:/Users/dimitrioskolovos/Projects/Eclipse/3.6.1/Eclipse.app/Contents/MacOS/workspace/org.eclipse.epsilon.flock.engine/bin:/Users/dimitrioskolovos/Projects/Eclipse/3.6.1/Eclipse.app/Contents/MacOS/workspace/org.eclipse.epsilon.flock.engine.test.unit/bin:/Users/dimitrioskolovos/Projects/Eclipse/3.6.1/Eclipse.app/Contents/MacOS/workspace/org.eclipse.epsilon.test.fixtures.hutn/bin:/Users/dimitrioskolovos/Projects/Eclipse/3.6.1/Eclipse.app/Contents/MacOS/workspace/org.eclipse.epsilon.flock.engine.test.acceptance/bin:/Users/dimitrioskolovos/Projects/Eclipse/3.6.1/Eclipse.app/Contents/MacOS/workspace/org.eclipse.epsilon.flock.engine.test/bin:/Users/dimitrioskolovos/Projects/Eclipse/3.6.1/Eclipse.app/Contents/MacOS/workspace/org.eclipse.epsilon.eol.engine.test.unit/bin:/Users/dimitrioskolovos/Projects/Eclipse/3.6.1/Eclipse.app/Contents/MacOS/workspace/org.eclipse.epsilon.common.dt.test/bin:/Users/dimitrioskolovos/Projects/Eclipse/3.6.1/Eclipse.app/Contents/MacOS/workspace/org.h2_1.1.117:/Users/dimitrioskolovos/Projects/Eclipse/3.6.1/Eclipse.app/Contents/MacOS/workspace/org.eclipse.epsilon.concordance.core.hashing/bin:/Users/dimitrioskolovos/Projects/Eclipse/3.6.1/Eclipse.app/Contents/MacOS/workspace/org.eclipse.epsilon.concordance.core/bin:/Users/dimitrioskolovos/Projects/Eclipse/3.6.1/Eclipse.app/Contents/MacOS/workspace/org.eclipse.epsilon.concordance.core.hashing.test/bin:/Users/dimitrioskolovos/Projects/Eclipse/3.6.1/Eclipse.app/Contents/MacOS/workspace/org.eclipse.epsilon.concordance.core.test/bin:/Users/dimitrioskolovos/Projects/Eclipse/3.6.1/Eclipse.app/Contents/MacOS/workspace/org.eclipse.epsilon.hutn.xmi.dt/bin:/Users/dimitrioskolovos/Projects/Eclipse/3.6.1/Eclipse.app/Contents/MacOS/workspace/org.eclipse.epsilon.concordance.clients/bin:/Users/dimitrioskolovos/Projects/Eclipse/3.6.1/Eclipse.app/Contents/MacOS/workspace/org.eclipse.epsilon.flock.dt/bin:/Users/dimitrioskolovos/Projects/Eclipse/3.6.1/Eclipse.app/Contents/MacOS/workspace/org.eclipse.epsilon.flock.dt.concordance/bin:/Users/dimitrioskolovos/Projects/Eclipse/3.6.1/Eclipse.app/Contents/MacOS/workspace/org.eclipse.epsilon.concordance.clients.test/bin:/Users/dimitrioskolovos/Projects/Eclipse/3.6.1/Eclipse.app/Contents/MacOS/workspace/org.eclipse.epsilon.concordance.test/bin:/Users/dimitrioskolovos/Projects/Eclipse/3.6.1/Eclipse.app/Contents/MacOS/workspace/org.eclipse.epsilon.etl.engine.test.acceptance/bin:/Users/dimitrioskolovos/Projects/Eclipse/3.6.1/Eclipse.app/Contents/MacOS/workspace/org.eclipse.epsilon.emc.hutn/bin:/Users/dimitrioskolovos/Projects/Eclipse/3.6.1/Eclipse.app/Contents/MacOS/workspace/org.eclipse.epsilon.emc.hutn.test/bin:/Users/dimitrioskolovos/Projects/Eclipse/3.6.1/Eclipse.app/Contents/MacOS/workspace/org.eclipse.epsilon.emc.plainxml/bin:/Users/dimitrioskolovos/Projects/Eclipse/3.6.1/Eclipse.app/Contents/MacOS/workspace/org.eclipse.epsilon.emc.plainxml.test/bin:/Users/dimitrioskolovos/Projects/Eclipse/3.6.1/Eclipse.app/Contents/MacOS/workspace/org.eclipse.epsilon.commons.test/bin:/Users/dimitrioskolovos/Projects/Eclipse/3.6.1/Eclipse.app/Contents/MacOS/workspace/org.eclipse.epsilon.workflow/bin:/Users/dimitrioskolovos/Projects/Eclipse/3.6.1/plugins/org.eclipse.ant.core_3.2.200.v20100427.jar:/Users/dimitrioskolovos/Projects/Eclipse/3.6.1/plugins/org.eclipse.ant.ui_3.5.0.v20100427.jar:/Users/dimitrioskolovos/Projects/Eclipse/3.6.1/Eclipse.app/Contents/MacOS/workspace/org.eclipse.epsilon.eml.engine/bin:/Users/dimitrioskolovos/Projects/Eclipse/3.6.1/plugins/org.apache.ant_1.7.1.v20100518-1145/lib/ant.jar:/Users/dimitrioskolovos/Projects/Eclipse/3.6.1/plugins/org.apache.ant_1.7.1.v20100518-1145/lib/ant-antlr.jar:/Users/dimitrioskolovos/Projects/Eclipse/3.6.1/plugins/org.apache.ant_1.7.1.v20100518-1145/lib/ant-apache-bcel.jar:/Users/dimitrioskolovos/Projects/Eclipse/3.6.1/plugins/org.apache.ant_1.7.1.v20100518-1145/lib/ant-apache-bsf.jar:/Users/dimitrioskolovos/Projects/Eclipse/3.6.1/plugins/org.apache.ant_1.7.1.v20100518-1145/lib/ant-apache-log4j.jar:/Users/dimitrioskolovos/Projects/Eclipse/3.6.1/plugins/org.apache.ant_1.7.1.v20100518-1145/lib/ant-apache-oro.jar:/Users/dimitrioskolovos/Projects/Eclipse/3.6.1/plugins/org.apache.ant_1.7.1.v20100518-1145/lib/ant-apache-regexp.jar:/Users/dimitrioskolovos/Projects/Eclipse/3.6.1/plugins/org.apache.ant_1.7.1.v20100518-1145/lib/ant-apache-resolver.jar:/Users/dimitrioskolovos/Projects/Eclipse/3.6.1/plugins/org.apache.ant_1.7.1.v20100518-1145/lib/ant-commons-logging.jar:/Users/dimitrioskolovos/Projects/Eclipse/3.6.1/plugins/org.apache.ant_1.7.1.v20100518-1145/lib/ant-commons-net.jar:/Users/dimitrioskolovos/Projects/Eclipse/3.6.1/plugins/org.apache.ant_1.7.1.v20100518-1145/lib/ant-jai.jar:/Users/dimitrioskolovos/Projects/Eclipse/3.6.1/plugins/org.apache.ant_1.7.1.v20100518-1145/lib/ant-javamail.jar:/Users/dimitrioskolovos/Projects/Eclipse/3.6.1/plugins/org.apache.ant_1.7.1.v20100518-1145/lib/ant-jdepend.jar:/Users/dimitrioskolovos/Projects/Eclipse/3.6.1/plugins/org.apache.ant_1.7.1.v20100518-1145/lib/ant-jmf.jar:/Users/dimitrioskolovos/Projects/Eclipse/3.6.1/plugins/org.apache.ant_1.7.1.v20100518-1145/lib/ant-jsch.jar:/Users/dimitrioskolovos/Projects/Eclipse/3.6.1/plugins/org.apache.ant_1.7.1.v20100518-1145/lib/ant-junit.jar:/Users/dimitrioskolovos/Projects/Eclipse/3.6.1/plugins/org.apache.ant_1.7.1.v20100518-1145/lib/ant-launcher.jar:/Users/dimitrioskolovos/Projects/Eclipse/3.6.1/plugins/org.apache.ant_1.7.1.v20100518-1145/lib/ant-netrexx.jar:/Users/dimitrioskolovos/Projects/Eclipse/3.6.1/plugins/org.apache.ant_1.7.1.v20100518-1145/lib/ant-nodeps.jar:/Users/dimitrioskolovos/Projects/Eclipse/3.6.1/plugins/org.apache.ant_1.7.1.v20100518-1145/lib/ant-starteam.jar:/Users/dimitrioskolovos/Projects/Eclipse/3.6.1/plugins/org.apache.ant_1.7.1.v20100518-1145/lib/ant-stylebook.jar:/Users/dimitrioskolovos/Projects/Eclipse/3.6.1/plugins/org.apache.ant_1.7.1.v20100518-1145/lib/ant-swing.jar:/Users/dimitrioskolovos/Projects/Eclipse/3.6.1/plugins/org.apache.ant_1.7.1.v20100518-1145/lib/ant-trax.jar:/Users/dimitrioskolovos/Projects/Eclipse/3.6.1/plugins/org.apache.ant_1.7.1.v20100518-1145/lib/ant-weblogic.jar:/Users/dimitrioskolovos/Projects/Eclipse/3.6.1/Eclipse.app/Contents/MacOS/workspace/org.eclipse.epsilon.workflow/lib/org.eclipse.epsilon.workflow.jar:/Users/dimitrioskolovos/Projects/Eclipse/3.6.1/Eclipse.app/Contents/MacOS/workspace/org.eclipse.epsilon.workflow.test/bin:/Users/dimitrioskolovos/Projects/Eclipse/3.6.1/Eclipse.app/Contents/MacOS/workspace/org.eclipse.epsilon.test/bin:/Users/dimitrioskolovos/Projects/Eclipse/3.6.1/configuration/org.eclipse.osgi/bundles/270/1/.cp/:/Users/dimitrioskolovos/Projects/Eclipse/3.6.1/configuration/org.eclipse.osgi/bundles/268/1/.cp/:/Users/dimitrioskolovos/Projects/Eclipse/3.6.1/configuration/org.eclipse.osgi/bundles/269/1/.cp/"/><property name="user.name" value="dimitrioskolovos"/><property name="java.vm.specification.version" value="1.0"/><property name="java.home" value="/System/Library/Java/JavaVirtualMachines/1.6.0.jdk/Contents/Home"/><property name="sun.arch.data.model" value="64"/><property name="user.language" value="en"/><property name="java.specification.vendor" value="Sun Microsystems Inc."/><property name="awt.toolkit" value="apple.awt.CToolkit"/><property name="java.vm.info" value="mixed mode"/><property name="java.version" value="1.6.0_22"/><property name="java.ext.dirs" value="/Library/Java/Extensions:/System/Library/Java/Extensions:/System/Library/Java/JavaVirtualMachines/1.6.0.jdk/Contents/Home/lib/ext"/><property name="sun.boot.class.path" value="/System/Library/Java/JavaVirtualMachines/1.6.0.jdk/Contents/Classes/jsfd.jar:/System/Library/Java/JavaVirtualMachines/1.6.0.jdk/Contents/Classes/classes.jar:/System/Library/Frameworks/JavaVM.framework/Frameworks/JavaRuntimeSupport.framework/Resources/Java/JavaRuntimeSupport.jar:/System/Library/Java/JavaVirtualMachines/1.6.0.jdk/Contents/Classes/ui.jar:/System/Library/Java/JavaVirtualMachines/1.6.0.jdk/Contents/Classes/laf.jar:/System/Library/Java/JavaVirtualMachines/1.6.0.jdk/Contents/Classes/sunrsasign.jar:/System/Library/Java/JavaVirtualMachines/1.6.0.jdk/Contents/Classes/jsse.jar:/System/Library/Java/JavaVirtualMachines/1.6.0.jdk/Contents/Classes/jce.jar:/System/Library/Java/JavaVirtualMachines/1.6.0.jdk/Contents/Classes/charsets.jar"/><property name="java.vendor" value="Apple Inc."/><property name="file.separator" value="/"/><property name="java.vendor.url.bug" value="http://bugreport.apple.com/"/><property name="sun.io.unicode.encoding" value="UnicodeLittle"/><property name="sun.cpu.endian" value="little"/><property name="mrj.version" value="1060.1.6.0_22-307"/><property name="socksNonProxyHosts" value="local|*.local|169.254/16|*.169.254/16"/><property name="ftp.nonProxyHosts" value="local|*.local|169.254/16|*.169.254/16"/><property name="sun.cpu.isalist" value=""/></properties><testcase classname="default.EqualityTests.eol" name="testJavaEquality" time="0.00000"/><system-out/><system-err/></testsuite>