<?xml version="1.0" encoding="UTF-8" standalone="no"?><testsuite errors="0" failures="1" hostname="dyn208.cs.york.ac.uk" name="default.CollectionsTests" tests="50" time="0.0990000"><properties><property name="java.runtime.name" value="Java(TM) SE Runtime Environment"/><property name="sun.boot.library.path" value="/System/Library/Java/JavaVirtualMachines/1.6.0.jdk/Contents/Libraries"/><property name="java.vm.version" value="17.1-b03-307"/><property name="awt.nativeDoubleBuffering" value="true"/><property name="gopherProxySet" value="false"/><property name="mrj.build" value="10M3261"/><property name="java.vm.vendor" value="Apple Inc."/><property name="java.vendor.url" value="http://www.apple.com/"/><property name="path.separator" value=":"/><property name="java.vm.name" value="Java HotSpot(TM) 64-Bit Server VM"/><property name="file.encoding.pkg" value="sun.io"/><property name="sun.java.launcher" value="SUN_STANDARD"/><property name="user.country" value="US"/><property name="sun.os.patch.level" value="unknown"/><property name="java.vm.specification.name" value="Java Virtual Machine Specification"/><property name="user.dir" value="/Users/dimitrioskolovos/Projects/Eclipse/3.6.1/Eclipse.app/Contents/MacOS/workspace/org.eclipse.epsilon.test"/><property name="java.runtime.version" value="1.6.0_22-b04-307-10M3261"/><property name="java.awt.graphicsenv" value="apple.awt.CGraphicsEnvironment"/><property name="java.endorsed.dirs" value="/System/Library/Java/JavaVirtualMachines/1.6.0.jdk/Contents/Home/lib/endorsed"/><property name="os.arch" value="x86_64"/><property name="java.io.tmpdir" value="/var/folders/dI/dI4QPlPmFLCeXcZUQ410-U+++TI/-Tmp-/"/><property name="line.separator" value="&#10;"/><property name="java.vm.specification.vendor" value="Sun Microsystems Inc."/><property name="os.name" value="Mac OS X"/><property name="sun.jnu.encoding" value="MacRoman"/><property name="java.library.path" value=".:/Library/Java/Extensions:/System/Library/Java/Extensions:/usr/lib/java"/><property name="java.specification.name" value="Java Platform API Specification"/><property name="java.class.version" value="50.0"/><property name="sun.management.compiler" value="HotSpot 64-Bit Server Compiler"/><property name="os.version" value="10.6.6"/><property name="http.nonProxyHosts" value="local|*.local|169.254/16|*.169.254/16"/><property name="user.home" value="/Users/dimitrioskolovos"/><property name="user.timezone" value="Europe/London"/><property name="java.awt.printerjob" value="apple.awt.CPrinterJob"/><property name="file.encoding" value="MacRoman"/><property name="java.specification.version" value="1.6"/><property name="java.class.path" value="/Users/dimitrioskolovos/Projects/Eclipse/3.6.1/Eclipse.app/Contents/MacOS/workspace/org.hamcrest.matchers/bin:/Users/dimitrioskolovos/Projects/Eclipse/3.6.1/plugins/org.hamcrest.core_1.1.0.v20090501071000.jar:/Users/dimitrioskolovos/Projects/Eclipse/3.6.1/plugins/org.junit_4.8.1.v4_8_1_v20100427-1100/junit.jar:/Users/dimitrioskolovos/Projects/Eclipse/3.6.1/Eclipse.app/Contents/MacOS/workspace/org.easymock/easymock.jar:/Users/dimitrioskolovos/Projects/Eclipse/3.6.1/Eclipse.app/Contents/MacOS/workspace/org.easymock/easymockclassextension.jar:/Users/dimitrioskolovos/Projects/Eclipse/3.6.1/Eclipse.app/Contents/MacOS/workspace/org.easymock/cglib-2.1_3-src.jar:/Users/dimitrioskolovos/Projects/Eclipse/3.6.1/Eclipse.app/Contents/MacOS/workspace/org.easymock/cglib-nodep-2.1_3.jar:/Users/dimitrioskolovos/Projects/Eclipse/3.6.1/Eclipse.app/Contents/MacOS/workspace/org.eclipse.epsilon.dependencies/bin:/Users/dimitrioskolovos/Projects/Eclipse/3.6.1/Eclipse.app/Contents/MacOS/workspace/org.antlr.runtime_3.1.b1:/Users/dimitrioskolovos/Projects/Eclipse/3.6.1/Eclipse.app/Contents/MacOS/workspace/org.eclipse.epsilon.eol.engine/bin:/Users/dimitrioskolovos/Projects/Eclipse/3.6.1/Eclipse.app/Contents/MacOS/workspace/org.eclipse.epsilon.commons/bin:/Users/dimitrioskolovos/Projects/Eclipse/3.6.1/Eclipse.app/Contents/MacOS/workspace/org.eclipse.epsilon.emc.emf/bin:/Users/dimitrioskolovos/Projects/Eclipse/3.6.1/plugins/org.eclipse.emf_2.6.0.v20100914-1218.jar:/Users/dimitrioskolovos/Projects/Eclipse/3.6.1/plugins/org.eclipse.emf.ecore_2.6.1.v20100914-1218.jar:/Users/dimitrioskolovos/Projects/Eclipse/3.6.1/plugins/org.eclipse.emf.common_2.6.0.v20100914-1218.jar:/Users/dimitrioskolovos/Projects/Eclipse/3.6.1/plugins/org.eclipse.emf.ecore.xmi_2.5.0.v20100521-1846.jar:/Users/dimitrioskolovos/Projects/Eclipse/3.6.1/plugins/org.eclipse.emf.ecore.change_2.5.1.v20100907-1643.jar:/Users/dimitrioskolovos/Projects/Eclipse/3.6.1/plugins/org.eclipse.emf.mapping.xsd2ecore_2.5.0.v20100521-1855.jar:/Users/dimitrioskolovos/Projects/Eclipse/3.6.1/plugins/org.eclipse.emf.ecore.edit_2.6.0.v20100914-1218.jar:/Users/dimitrioskolovos/Projects/Eclipse/3.6.1/plugins/org.eclipse.emf.edit_2.6.0.v20100914-1218.jar:/Users/dimitrioskolovos/Projects/Eclipse/3.6.1/plugins/org.eclipse.emf.mapping_2.6.0.v20100914-1218.jar:/Users/dimitrioskolovos/Projects/Eclipse/3.6.1/plugins/org.eclipse.xsd_2.6.0.v20100914-1218.jar:/Users/dimitrioskolovos/Projects/Eclipse/3.6.1/plugins/org.eclipse.xsd.edit_2.6.0.v20100914-1218.jar:/Users/dimitrioskolovos/Projects/Eclipse/3.6.1/Eclipse.app/Contents/MacOS/workspace/org.eclipse.epsilon.hutn.engine/bin:/Users/dimitrioskolovos/Projects/Eclipse/3.6.1/Eclipse.app/Contents/MacOS/workspace/org.eclipse.epsilon.hutn.model/bin:/Users/dimitrioskolovos/Projects/Eclipse/3.6.1/plugins/org.eclipse.core.runtime_3.6.0.v20100505.jar:/Users/dimitrioskolovos/Projects/Eclipse/3.6.1/plugins/org.eclipse.osgi_3.6.1.R36x_v20100806.jar:/Users/dimitrioskolovos/Projects/Eclipse/3.6.1/plugins/org.eclipse.equinox.common_3.6.0.v20100503.jar:/Users/dimitrioskolovos/Projects/Eclipse/3.6.1/plugins/org.eclipse.core.jobs_3.5.1.R36x_v20100824.jar:/Users/dimitrioskolovos/Projects/Eclipse/3.6.1/plugins/org.eclipse.core.runtime.compatibility.registry_3.3.0.v20100520/runtime_registry_compatibility.jar:/Users/dimitrioskolovos/Projects/Eclipse/3.6.1/plugins/org.eclipse.equinox.registry_3.5.0.v20100503.jar:/Users/dimitrioskolovos/Projects/Eclipse/3.6.1/plugins/org.eclipse.equinox.preferences_3.3.0.v20100503.jar:/Users/dimitrioskolovos/Projects/Eclipse/3.6.1/plugins/org.eclipse.core.contenttype_3.4.100.v20100505-1235.jar:/Users/dimitrioskolovos/Projects/Eclipse/3.6.1/plugins/org.eclipse.equinox.app_1.3.1.R36x_v20100803.jar:/Users/dimitrioskolovos/Projects/Eclipse/3.6.1/Eclipse.app/Contents/MacOS/workspace/org.eclipse.epsilon.antlr.postprocessor.model/bin:/Users/dimitrioskolovos/Projects/Eclipse/3.6.1/Eclipse.app/Contents/MacOS/workspace/org.eclipse.epsilon.hutn.model.antlrAst/bin:/Users/dimitrioskolovos/Projects/Eclipse/3.6.1/Eclipse.app/Contents/MacOS/workspace/org.eclipse.epsilon.hutn.model.config/bin:/Users/dimitrioskolovos/Projects/Eclipse/3.6.1/Eclipse.app/Contents/MacOS/workspace/org.eclipse.epsilon.etl.engine/bin:/Users/dimitrioskolovos/Projects/Eclipse/3.6.1/Eclipse.app/Contents/MacOS/workspace/org.eclipse.epsilon.erl.engine/bin:/Users/dimitrioskolovos/Projects/Eclipse/3.6.1/Eclipse.app/Contents/MacOS/workspace/org.eclipse.epsilon.egl.engine/bin:/Users/dimitrioskolovos/Projects/Eclipse/3.6.1/Eclipse.app/Contents/MacOS/workspace/org.eclipse.epsilon.evl.engine/bin:/Users/dimitrioskolovos/Projects/Eclipse/3.6.1/Eclipse.app/Contents/MacOS/workspace/org.eclipse.epsilon.antlr.postprocessor/bin:/Users/dimitrioskolovos/Projects/Eclipse/3.6.1/Eclipse.app/Contents/MacOS/workspace/org.mockito_1.8.4:/Users/dimitrioskolovos/Projects/Eclipse/3.6.1/Eclipse.app/Contents/MacOS/workspace/org.eclipse.epsilon.test.dependencies/bin:/Users/dimitrioskolovos/Projects/Eclipse/3.6.1/Eclipse.app/Contents/MacOS/workspace/org.eclipse.epsilon.test.dependencies/lib/gunit-1.0.2.jar:/Users/dimitrioskolovos/Projects/Eclipse/3.6.1/Eclipse.app/Contents/MacOS/workspace/org.eclipse.epsilon.eol.engine.test.acceptance/bin:/Users/dimitrioskolovos/Projects/Eclipse/3.6.1/Eclipse.app/Contents/MacOS/workspace/org.eclipse.epsilon.egl.engine.test.dependencies/bin:/Users/dimitrioskolovos/Projects/Eclipse/3.6.1/Eclipse.app/Contents/MacOS/workspace/org.eclipse.epsilon.egl.engine.test.unit/bin:/Users/dimitrioskolovos/Projects/Eclipse/3.6.1/Eclipse.app/Contents/MacOS/workspace/org.eclipse.epsilon.egl.engine.test.acceptance/bin:/Users/dimitrioskolovos/Projects/Eclipse/3.6.1/Eclipse.app/Contents/MacOS/workspace/org.eclipse.epsilon.egl.engine.test/bin:/Users/dimitrioskolovos/Projects/Eclipse/3.6.1/Eclipse.app/Contents/MacOS/workspace/org.eclipse.epsilon.hutn.test.dependencies.model/bin:/Users/dimitrioskolovos/Projects/Eclipse/3.6.1/Eclipse.app/Contents/MacOS/workspace/org.eclipse.epsilon.hutn.test.dependencies/bin:/Users/dimitrioskolovos/Projects/Eclipse/3.6.1/plugins/org.eclipse.uml2.uml_3.1.1.v201008191505.jar:/Users/dimitrioskolovos/Projects/Eclipse/3.6.1/plugins/org.eclipse.uml2.common_1.5.0.v201005031530.jar:/Users/dimitrioskolovos/Projects/Eclipse/3.6.1/Eclipse.app/Contents/MacOS/workspace/org.eclipse.epsilon.hutn.test.acceptance/bin:/Users/dimitrioskolovos/Projects/Eclipse/3.6.1/Eclipse.app/Contents/MacOS/workspace/org.eclipse.epsilon.hutn.test.unit/bin:/Users/dimitrioskolovos/Projects/Eclipse/3.6.1/Eclipse.app/Contents/MacOS/workspace/org.eclipse.epsilon.eol.dt/bin:/Users/dimitrioskolovos/Projects/Eclipse/3.6.1/plugins/org.eclipse.ui_3.6.1.M20100826-1330.jar:/Users/dimitrioskolovos/Projects/Eclipse/3.6.1/plugins/org.eclipse.swt_3.6.1.v3655c.jar:/Users/dimitrioskolovos/Projects/Eclipse/3.6.1/plugins/org.eclipse.swt.cocoa.macosx.x86_64_3.6.1.v3655c.jar:/Users/dimitrioskolovos/Projects/Eclipse/3.6.1/plugins/org.eclipse.jface_3.6.1.M20100825-0800.jar:/Users/dimitrioskolovos/Projects/Eclipse/3.6.1/plugins/org.eclipse.core.commands_3.6.0.I20100512-1500.jar:/Users/dimitrioskolovos/Projects/Eclipse/3.6.1/plugins/org.eclipse.ui.workbench_3.6.1.M20100826-1330.jar:/Users/dimitrioskolovos/Projects/Eclipse/3.6.1/plugins/org.eclipse.debug.core_3.6.0.v20100519.jar:/Users/dimitrioskolovos/Projects/Eclipse/3.6.1/plugins/org.eclipse.core.resources_3.6.0.R36x_v20100825-0600.jar:/Users/dimitrioskolovos/Projects/Eclipse/3.6.1/plugins/org.eclipse.debug.ui_3.6.1.v20100901_r361.jar:/Users/dimitrioskolovos/Projects/Eclipse/3.6.1/plugins/org.eclipse.jface.text_3.6.1.r361_v20100825-0800.jar:/Users/dimitrioskolovos/Projects/Eclipse/3.6.1/plugins/org.eclipse.text_3.5.0.v20100601-1300.jar:/Users/dimitrioskolovos/Projects/Eclipse/3.6.1/plugins/org.eclipse.ui.console_3.5.0.v20100526.jar:/Users/dimitrioskolovos/Projects/Eclipse/3.6.1/plugins/org.eclipse.ui.editors_3.6.1.r361_v20100825-0800.jar:/Users/dimitrioskolovos/Projects/Eclipse/3.6.1/plugins/org.eclipse.core.filebuffers_3.5.100.v20100520-0800.jar:/Users/dimitrioskolovos/Projects/Eclipse/3.6.1/plugins/org.eclipse.ui.workbench.texteditor_3.6.1.r361_v20100714-0800.jar:/Users/dimitrioskolovos/Projects/Eclipse/3.6.1/plugins/org.eclipse.ui.ide_3.6.1.M20100825-0800.jar:/Users/dimitrioskolovos/Projects/Eclipse/3.6.1/plugins/org.eclipse.ui.views_3.5.0.I20100527-0800.jar:/Users/dimitrioskolovos/Projects/Eclipse/3.6.1/Eclipse.app/Contents/MacOS/workspace/org.eclipse.epsilon.common.dt/bin:/Users/dimitrioskolovos/Projects/Eclipse/3.6.1/plugins/org.eclipse.core.variables_3.2.400.v20100505.jar:/Users/dimitrioskolovos/Projects/Eclipse/3.6.1/plugins/org.eclipse.emf.ecore.editor_2.6.0.v20100914-1218.jar:/Users/dimitrioskolovos/Projects/Eclipse/3.6.1/plugins/org.eclipse.emf.edit.ui_2.6.0.v20100914-1218.jar:/Users/dimitrioskolovos/Projects/Eclipse/3.6.1/plugins/org.eclipse.emf.common.ui_2.6.0.v20100914-1218.jar:/Users/dimitrioskolovos/Projects/Eclipse/3.6.1/Eclipse.app/Contents/MacOS/workspace/org.eclipse.epsilon.util.emf/bin:/Users/dimitrioskolovos/Projects/Eclipse/3.6.1/Eclipse.app/Contents/MacOS/workspace/org.eclipse.epsilon.emc.composite/bin:/Users/dimitrioskolovos/Projects/Eclipse/3.6.1/Eclipse.app/Contents/MacOS/workspace/org.eclipse.epsilon.ecl.engine/bin:/Users/dimitrioskolovos/Projects/Eclipse/3.6.1/Eclipse.app/Contents/MacOS/workspace/org.eclipse.epsilon.hutn.dt/bin:/Users/dimitrioskolovos/Projects/Eclipse/3.6.1/Eclipse.app/Contents/MacOS/workspace/org.eclipse.epsilon.hutn.dt.test/bin:/Users/dimitrioskolovos/Projects/Eclipse/3.6.1/Eclipse.app/Contents/MacOS/workspace/org.eclipse.epsilon.hutn.test/bin:/Users/dimitrioskolovos/Projects/Eclipse/3.6.1/Eclipse.app/Contents/MacOS/workspace/org.eclipse.epsilon.hutn.unparser/bin:/Users/dimitrioskolovos/Projects/Eclipse/3.6.1/Eclipse.app/Contents/MacOS/workspace/org.eclipse.epsilon.hutn.unparser.test.unit/bin:/Users/dimitrioskolovos/Projects/Eclipse/3.6.1/Eclipse.app/Contents/MacOS/workspace/org.eclipse.epsilon.hutn.xmi/bin:/Users/dimitrioskolovos/Projects/Eclipse/3.6.1/Eclipse.app/Contents/MacOS/workspace/org.eclipse.epsilon.hutn.xmi.test.unit/bin:/Users/dimitrioskolovos/Projects/Eclipse/3.6.1/Eclipse.app/Contents/MacOS/workspace/org.eclipse.epsilon.hutn.xmi.test.integration/bin:/Users/dimitrioskolovos/Projects/Eclipse/3.6.1/Eclipse.app/Contents/MacOS/workspace/org.eclipse.epsilon.hutn.xmi.test/bin:/Users/dimitrioskolovos/Projects/Eclipse/3.6.1/Eclipse.app/Contents/MacOS/workspace/org.eclipse.epsilon.emc.emf.test/bin:/Users/dimitrioskolovos/Projects/Eclipse/3.6.1/Eclipse.app/Contents/MacOS/workspace/org.eclipse.epsilon.flock.engine/bin:/Users/dimitrioskolovos/Projects/Eclipse/3.6.1/Eclipse.app/Contents/MacOS/workspace/org.eclipse.epsilon.flock.engine.test.unit/bin:/Users/dimitrioskolovos/Projects/Eclipse/3.6.1/Eclipse.app/Contents/MacOS/workspace/org.eclipse.epsilon.test.fixtures.hutn/bin:/Users/dimitrioskolovos/Projects/Eclipse/3.6.1/Eclipse.app/Contents/MacOS/workspace/org.eclipse.epsilon.flock.engine.test.acceptance/bin:/Users/dimitrioskolovos/Projects/Eclipse/3.6.1/Eclipse.app/Contents/MacOS/workspace/org.eclipse.epsilon.flock.engine.test/bin:/Users/dimitrioskolovos/Projects/Eclipse/3.6.1/Eclipse.app/Contents/MacOS/workspace/org.eclipse.epsilon.eol.engine.test.unit/bin:/Users/dimitrioskolovos/Projects/Eclipse/3.6.1/Eclipse.app/Contents/MacOS/workspace/org.eclipse.epsilon.common.dt.test/bin:/Users/dimitrioskolovos/Projects/Eclipse/3.6.1/Eclipse.app/Contents/MacOS/workspace/org.h2_1.1.117:/Users/dimitrioskolovos/Projects/Eclipse/3.6.1/Eclipse.app/Contents/MacOS/workspace/org.eclipse.epsilon.concordance.core.hashing/bin:/Users/dimitrioskolovos/Projects/Eclipse/3.6.1/Eclipse.app/Contents/MacOS/workspace/org.eclipse.epsilon.concordance.core/bin:/Users/dimitrioskolovos/Projects/Eclipse/3.6.1/Eclipse.app/Contents/MacOS/workspace/org.eclipse.epsilon.concordance.core.hashing.test/bin:/Users/dimitrioskolovos/Projects/Eclipse/3.6.1/Eclipse.app/Contents/MacOS/workspace/org.eclipse.epsilon.concordance.core.test/bin:/Users/dimitrioskolovos/Projects/Eclipse/3.6.1/Eclipse.app/Contents/MacOS/workspace/org.eclipse.epsilon.hutn.xmi.dt/bin:/Users/dimitrioskolovos/Projects/Eclipse/3.6.1/Eclipse.app/Contents/MacOS/workspace/org.eclipse.epsilon.concordance.clients/bin:/Users/dimitrioskolovos/Projects/Eclipse/3.6.1/Eclipse.app/Contents/MacOS/workspace/org.eclipse.epsilon.flock.dt/bin:/Users/dimitrioskolovos/Projects/Eclipse/3.6.1/Eclipse.app/Contents/MacOS/workspace/org.eclipse.epsilon.flock.dt.concordance/bin:/Users/dimitrioskolovos/Projects/Eclipse/3.6.1/Eclipse.app/Contents/MacOS/workspace/org.eclipse.epsilon.concordance.clients.test/bin:/Users/dimitrioskolovos/Projects/Eclipse/3.6.1/Eclipse.app/Contents/MacOS/workspace/org.eclipse.epsilon.concordance.test/bin:/Users/dimitrioskolovos/Projects/Eclipse/3.6.1/Eclipse.app/Contents/MacOS/workspace/org.eclipse.epsilon.etl.engine.test.acceptance/bin:/Users/dimitrioskolovos/Projects/Eclipse/3.6.1/Eclipse.app/Contents/MacOS/workspace/org.eclipse.epsilon.emc.hutn/bin:/Users/dimitrioskolovos/Projects/Eclipse/3.6.1/Eclipse.app/Contents/MacOS/workspace/org.eclipse.epsilon.emc.hutn.test/bin:/Users/dimitrioskolovos/Projects/Eclipse/3.6.1/Eclipse.app/Contents/MacOS/workspace/org.eclipse.epsilon.emc.plainxml/bin:/Users/dimitrioskolovos/Projects/Eclipse/3.6.1/Eclipse.app/Contents/MacOS/workspace/org.eclipse.epsilon.emc.plainxml.test/bin:/Users/dimitrioskolovos/Projects/Eclipse/3.6.1/Eclipse.app/Contents/MacOS/workspace/org.eclipse.epsilon.commons.test/bin:/Users/dimitrioskolovos/Projects/Eclipse/3.6.1/Eclipse.app/Contents/MacOS/workspace/org.eclipse.epsilon.workflow/bin:/Users/dimitrioskolovos/Projects/Eclipse/3.6.1/plugins/org.eclipse.ant.core_3.2.200.v20100427.jar:/Users/dimitrioskolovos/Projects/Eclipse/3.6.1/plugins/org.eclipse.ant.ui_3.5.0.v20100427.jar:/Users/dimitrioskolovos/Projects/Eclipse/3.6.1/Eclipse.app/Contents/MacOS/workspace/org.eclipse.epsilon.eml.engine/bin:/Users/dimitrioskolovos/Projects/Eclipse/3.6.1/plugins/org.apache.ant_1.7.1.v20100518-1145/lib/ant.jar:/Users/dimitrioskolovos/Projects/Eclipse/3.6.1/plugins/org.apache.ant_1.7.1.v20100518-1145/lib/ant-antlr.jar:/Users/dimitrioskolovos/Projects/Eclipse/3.6.1/plugins/org.apache.ant_1.7.1.v20100518-1145/lib/ant-apache-bcel.jar:/Users/dimitrioskolovos/Projects/Eclipse/3.6.1/plugins/org.apache.ant_1.7.1.v20100518-1145/lib/ant-apache-bsf.jar:/Users/dimitrioskolovos/Projects/Eclipse/3.6.1/plugins/org.apache.ant_1.7.1.v20100518-1145/lib/ant-apache-log4j.jar:/Users/dimitrioskolovos/Projects/Eclipse/3.6.1/plugins/org.apache.ant_1.7.1.v20100518-1145/lib/ant-apache-oro.jar:/Users/dimitrioskolovos/Projects/Eclipse/3.6.1/plugins/org.apache.ant_1.7.1.v20100518-1145/lib/ant-apache-regexp.jar:/Users/dimitrioskolovos/Projects/Eclipse/3.6.1/plugins/org.apache.ant_1.7.1.v20100518-1145/lib/ant-apache-resolver.jar:/Users/dimitrioskolovos/Projects/Eclipse/3.6.1/plugins/org.apache.ant_1.7.1.v20100518-1145/lib/ant-commons-logging.jar:/Users/dimitrioskolovos/Projects/Eclipse/3.6.1/plugins/org.apache.ant_1.7.1.v20100518-1145/lib/ant-commons-net.jar:/Users/dimitrioskolovos/Projects/Eclipse/3.6.1/plugins/org.apache.ant_1.7.1.v20100518-1145/lib/ant-jai.jar:/Users/dimitrioskolovos/Projects/Eclipse/3.6.1/plugins/org.apache.ant_1.7.1.v20100518-1145/lib/ant-javamail.jar:/Users/dimitrioskolovos/Projects/Eclipse/3.6.1/plugins/org.apache.ant_1.7.1.v20100518-1145/lib/ant-jdepend.jar:/Users/dimitrioskolovos/Projects/Eclipse/3.6.1/plugins/org.apache.ant_1.7.1.v20100518-1145/lib/ant-jmf.jar:/Users/dimitrioskolovos/Projects/Eclipse/3.6.1/plugins/org.apache.ant_1.7.1.v20100518-1145/lib/ant-jsch.jar:/Users/dimitrioskolovos/Projects/Eclipse/3.6.1/plugins/org.apache.ant_1.7.1.v20100518-1145/lib/ant-junit.jar:/Users/dimitrioskolovos/Projects/Eclipse/3.6.1/plugins/org.apache.ant_1.7.1.v20100518-1145/lib/ant-launcher.jar:/Users/dimitrioskolovos/Projects/Eclipse/3.6.1/plugins/org.apache.ant_1.7.1.v20100518-1145/lib/ant-netrexx.jar:/Users/dimitrioskolovos/Projects/Eclipse/3.6.1/plugins/org.apache.ant_1.7.1.v20100518-1145/lib/ant-nodeps.jar:/Users/dimitrioskolovos/Projects/Eclipse/3.6.1/plugins/org.apache.ant_1.7.1.v20100518-1145/lib/ant-starteam.jar:/Users/dimitrioskolovos/Projects/Eclipse/3.6.1/plugins/org.apache.ant_1.7.1.v20100518-1145/lib/ant-stylebook.jar:/Users/dimitrioskolovos/Projects/Eclipse/3.6.1/plugins/org.apache.ant_1.7.1.v20100518-1145/lib/ant-swing.jar:/Users/dimitrioskolovos/Projects/Eclipse/3.6.1/plugins/org.apache.ant_1.7.1.v20100518-1145/lib/ant-trax.jar:/Users/dimitrioskolovos/Projects/Eclipse/3.6.1/plugins/org.apache.ant_1.7.1.v20100518-1145/lib/ant-weblogic.jar:/Users/dimitrioskolovos/Projects/Eclipse/3.6.1/Eclipse.app/Contents/MacOS/workspace/org.eclipse.epsilon.workflow/lib/org.eclipse.epsilon.workflow.jar:/Users/dimitrioskolovos/Projects/Eclipse/3.6.1/Eclipse.app/Contents/MacOS/workspace/org.eclipse.epsilon.workflow.test/bin:/Users/dimitrioskolovos/Projects/Eclipse/3.6.1/Eclipse.app/Contents/MacOS/workspace/org.eclipse.epsilon.test/bin:/Users/dimitrioskolovos/Projects/Eclipse/3.6.1/configuration/org.eclipse.osgi/bundles/270/1/.cp/:/Users/dimitrioskolovos/Projects/Eclipse/3.6.1/configuration/org.eclipse.osgi/bundles/268/1/.cp/:/Users/dimitrioskolovos/Projects/Eclipse/3.6.1/configuration/org.eclipse.osgi/bundles/269/1/.cp/"/><property name="user.name" value="dimitrioskolovos"/><property name="java.vm.specification.version" value="1.0"/><property name="java.home" value="/System/Library/Java/JavaVirtualMachines/1.6.0.jdk/Contents/Home"/><property name="sun.arch.data.model" value="64"/><property name="user.language" value="en"/><property name="java.specification.vendor" value="Sun Microsystems Inc."/><property name="awt.toolkit" value="apple.awt.CToolkit"/><property name="java.vm.info" value="mixed mode"/><property name="java.version" value="1.6.0_22"/><property name="java.ext.dirs" value="/Library/Java/Extensions:/System/Library/Java/Extensions:/System/Library/Java/JavaVirtualMachines/1.6.0.jdk/Contents/Home/lib/ext"/><property name="sun.boot.class.path" value="/System/Library/Java/JavaVirtualMachines/1.6.0.jdk/Contents/Classes/jsfd.jar:/System/Library/Java/JavaVirtualMachines/1.6.0.jdk/Contents/Classes/classes.jar:/System/Library/Frameworks/JavaVM.framework/Frameworks/JavaRuntimeSupport.framework/Resources/Java/JavaRuntimeSupport.jar:/System/Library/Java/JavaVirtualMachines/1.6.0.jdk/Contents/Classes/ui.jar:/System/Library/Java/JavaVirtualMachines/1.6.0.jdk/Contents/Classes/laf.jar:/System/Library/Java/JavaVirtualMachines/1.6.0.jdk/Contents/Classes/sunrsasign.jar:/System/Library/Java/JavaVirtualMachines/1.6.0.jdk/Contents/Classes/jsse.jar:/System/Library/Java/JavaVirtualMachines/1.6.0.jdk/Contents/Classes/jce.jar:/System/Library/Java/JavaVirtualMachines/1.6.0.jdk/Contents/Classes/charsets.jar"/><property name="java.vendor" value="Apple Inc."/><property name="file.separator" value="/"/><property name="java.vendor.url.bug" value="http://bugreport.apple.com/"/><property name="sun.io.unicode.encoding" value="UnicodeLittle"/><property name="sun.cpu.endian" value="little"/><property name="mrj.version" value="1060.1.6.0_22-307"/><property name="socksNonProxyHosts" value="local|*.local|169.254/16|*.169.254/16"/><property name="ftp.nonProxyHosts" value="local|*.local|169.254/16|*.169.254/16"/><property name="sun.cpu.isalist" value=""/></properties><testcase classname="default.CollectionsTests.eol" name="testFirst" time="0.00200000"/><testcase classname="default.CollectionsTests.eol" name="testIncludesCollection" time="0.00100000"/><testcase classname="default.CollectionsTests.eol" name="testSetsNotEqual" time="0.00100000"/><testcase classname="default.CollectionsTests.eol" name="testSetsEqual" time="0.00100000"/><testcase classname="default.CollectionsTests.eol" name="testSequencesNotEqual" time="0.0120000"/><testcase classname="default.CollectionsTests.eol" name="testSequencesEqual" time="0.00100000"/><testcase classname="default.CollectionsTests.eol" name="testIncludes" time="0.00500000"/><testcase classname="default.CollectionsTests.eol" name="testExcludes" time="0.00100000"/><testcase classname="default.CollectionsTests.eol" name="testExcluding" time="0.00100000"/><testcase classname="default.CollectionsTests.eol" name="testExcludingAll" time="0.00100000"/><testcase classname="default.CollectionsTests.eol" name="testIncluding" time="0.00000"/><testcase classname="default.CollectionsTests.eol" name="testIncludingAll" time="0.00100000"/><testcase classname="default.CollectionsTests.eol" name="testLast" time="0.00100000"/><testcase classname="default.CollectionsTests.eol" name="testSequenceEquals" time="0.00200000"/><testcase classname="default.CollectionsTests.eol" name="testModifiedSetUniqueness" time="0.00100000"/><testcase classname="default.CollectionsTests.eol" name="testRemoveDuplicates" time="0.00000"/><testcase classname="default.CollectionsTests.eol" name="testEolSetFromUnmodifiableSet" time="0.00200000"/><testcase classname="default.CollectionsTests.eol" name="testSortByOnOrderedSet" time="0.0100000"/><testcase classname="default.CollectionsTests.eol" name="testSortWithDuplicates" time="0.00100000"/><testcase classname="default.CollectionsTests.eol" name="testSortSquare" time="0.00100000"/><testcase classname="default.CollectionsTests.eol" name="testDeclaredSetUniqueness" time="0.00100000"/><testcase classname="default.CollectionsTests.eol" name="testSetIncludesObject" time="0.00100000"/><testcase classname="default.CollectionsTests.eol" name="testSequenceIncludesObject" time="0.00100000"/><testcase classname="default.CollectionsTests.eol" name="testSetIncludesPrimitive" time="0.00000"/><testcase classname="default.CollectionsTests.eol" name="testSequenceIncludesPrimitive" time="0.00100000"/><testcase classname="default.CollectionsTests.eol" name="testConvertedSetUniqueness" time="0.00100000"/><testcase classname="default.CollectionsTests.eol" name="testCount" time="0.00100000"/><testcase classname="default.CollectionsTests.eol" name="testRandom" time="0.00000"/><testcase classname="default.CollectionsTests.eol" name="testIncludingSize" time="0.00100000"/><testcase classname="default.CollectionsTests.eol" name="testBagEquals" time="0.00100000"/><testcase classname="default.CollectionsTests.eol" name="testReorderedSetEquals" time="0.00000"/><testcase classname="default.CollectionsTests.eol" name="testOrderedSetAt" time="0.00100000"/><testcase classname="default.CollectionsTests.eol" name="testSequenceAt" time="0.0130000"/><testcase classname="default.CollectionsTests.eol" name="testIncludesAll" time="0.00100000"/><testcase classname="default.CollectionsTests.eol" name="testSequenceRange" time="0.00000"/><testcase classname="default.CollectionsTests.eol" name="testInvalidSequenceRanges" time="0.00100000"/><testcase classname="default.CollectionsTests.eol" name="testReverseSequenceRange" time="0.00000"/><testcase classname="default.CollectionsTests.eol" name="testInvert" time="0.00100000"/><testcase classname="default.CollectionsTests.eol" name="testSelectCorrectTypeSequence" time="0.00100000"/><testcase classname="default.CollectionsTests.eol" name="testSelectCorrectTypeSet" time="0.00000"/><testcase classname="default.CollectionsTests.eol" name="testCollectCorrectTypeSet" time="0.00100000"/><testcase classname="default.CollectionsTests.eol" name="testSelectCorrectTypeOrderedSet" time="0.00100000"/><testcase classname="default.CollectionsTests.eol" name="testCollectCorrectTypeOrderedSet" time="0.00400000"/><testcase classname="default.CollectionsTests.eol" name="testSelectCorrectTypeBag" time="0.00300000"/><testcase classname="default.CollectionsTests.eol" name="testRemoveByIndexInSequence" time="0.0160000"/><testcase classname="default.CollectionsTests.eol" name="testRemoveByIndexInOrderedSet" time="0.00100000"/><testcase classname="default.CollectionsTests.eol" name="testRemove" time="0.00000"><failure message="Expected Sequence {1, 3}, but got Sequence {2, 3} instead (/Users/dimitrioskolovos/Projects/Eclipse/3.6.1/Eclipse.app/Contents/MacOS/workspace/org.eclipse.epsilon.eol.engine.test.acceptance/bin/org/eclipse/epsilon/eol/engine/test/acceptance/CollectionsTests.eol@265:4)" type="org.eclipse.epsilon.eol.exceptions.EolAssertionException">Expected Sequence {1, 3}, but got Sequence {2, 3} instead (/Users/dimitrioskolovos/Projects/Eclipse/3.6.1/Eclipse.app/Contents/MacOS/workspace/org.eclipse.epsilon.eol.engine.test.acceptance/bin/org/eclipse/epsilon/eol/engine/test/acceptance/CollectionsTests.eol@265:4)
	at org.eclipse.epsilon.eol.execute.operations.simple.assertions.EqualityAssertionOperation.execute(EqualityAssertionOperation.java:134)
	at org.eclipse.epsilon.eol.execute.operations.simple.AbstractSimpleOperation.execute(AbstractSimpleOperation.java:59)
	at org.eclipse.epsilon.eol.execute.PointExecutor.executeOperation(PointExecutor.java:166)
	at org.eclipse.epsilon.eol.execute.PointExecutor.execute(PointExecutor.java:74)
	at org.eclipse.epsilon.eol.execute.ContextlessOperationExecutor.execute(ContextlessOperationExecutor.java:27)
	at org.eclipse.epsilon.eol.execute.NameExecutor.execute(NameExecutor.java:38)
	at org.eclipse.epsilon.eol.execute.NameExecutor.execute(NameExecutor.java:94)
	at org.eclipse.epsilon.eol.execute.ExecutorFactory.executeAST(ExecutorFactory.java:179)
	at org.eclipse.epsilon.eol.execute.StatementBlockExecutor.execute(StatementBlockExecutor.java:34)
	at org.eclipse.epsilon.eol.execute.ExecutorFactory.executeAST(ExecutorFactory.java:179)
	at org.eclipse.epsilon.eol.EolOperation.executeBody(EolOperation.java:262)
	at org.eclipse.epsilon.eol.EolOperation.execute(EolOperation.java:235)
	at org.eclipse.epsilon.eol.eunit.EUnitModule.runLeafTestCase(EUnitModule.java:341)
	at org.eclipse.epsilon.eol.eunit.EUnitModule.runSuiteInternal(EUnitModule.java:295)
	at org.eclipse.epsilon.eol.eunit.EUnitModule.runSuite(EUnitModule.java:131)
	at org.eclipse.epsilon.eol.eunit.EUnitModule.runInnerTestCase(EUnitModule.java:310)
	at org.eclipse.epsilon.eol.eunit.EUnitModule.runSuiteInternal(EUnitModule.java:297)
	at org.eclipse.epsilon.eol.eunit.EUnitModule.runSuite(EUnitModule.java:131)
	at org.eclipse.epsilon.eol.eunit.EUnitModule.execute(EUnitModule.java:106)
	at org.eclipse.epsilon.eol.engine.test.acceptance.eunit.EUnitRunner.run(EUnitRunner.java:93)
	at org.junit.runners.Suite.runChild(Suite.java:128)
	at org.junit.runners.Suite.runChild(Suite.java:24)
	at org.junit.runners.ParentRunner$3.run(ParentRunner.java:193)
	at org.junit.runners.ParentRunner$1.schedule(ParentRunner.java:52)
	at org.junit.runners.ParentRunner.runChildren(ParentRunner.java:191)
	at org.junit.runners.ParentRunner.access$000(ParentRunner.java:42)
	at org.junit.runners.ParentRunner$2.evaluate(ParentRunner.java:184)
	at org.junit.runners.ParentRunner.run(ParentRunner.java:236)
	at org.junit.runners.Suite.runChild(Suite.java:128)
	at org.junit.runners.Suite.runChild(Suite.java:24)
	at org.junit.runners.ParentRunner$3.run(ParentRunner.java:193)
	at org.junit.runners.ParentRunner$1.schedule(ParentRunner.java:52)
	at org.junit.runners.ParentRunner.runChildren(ParentRunner.java:191)
	at org.junit.runners.ParentRunner.access$000(ParentRunner.java:42)
	at org.junit.runners.ParentRunner$2.evaluate(ParentRunner.java:184)
	at org.junit.runners.ParentRunner.run(ParentRunner.java:236)
	at org.eclipse.jdt.internal.junit4.runner.JUnit4TestReference.run(JUnit4TestReference.java:49)
	at org.eclipse.jdt.internal.junit.runner.TestExecution.run(TestExecution.java:38)
	at org.eclipse.jdt.internal.junit.runner.RemoteTestRunner.runTests(RemoteTestRunner.java:467)
	at org.eclipse.jdt.internal.junit.runner.RemoteTestRunner.runTests(RemoteTestRunner.java:683)
	at org.eclipse.jdt.internal.junit.runner.RemoteTestRunner.run(RemoteTestRunner.java:390)
	at org.eclipse.jdt.internal.junit.runner.RemoteTestRunner.main(RemoteTestRunner.java:197)
</failure></testcase><testcase classname="default.CollectionsTests.eol" name="testConcat" time="0.00000"/><testcase classname="default.CollectionsTests.eol" name="testConcatEmpty" time="0.00100000"/><testcase classname="default.CollectionsTests.eol" name="testConcatWithGlue" time="0.00000"/><system-out>Set {b, a}
</system-out><system-err/></testsuite>