<?xml version="1.0" encoding="UTF-8" standalone="no"?><testsuite errors="0" failures="0" hostname="pepino" name="default.example" tests="3" time="0.241000"><properties><property name="java.vendor" value="Sun Microsystems Inc."/><property name="osgi.bundles.defaultStartLevel" value="4"/><property name="sun.java.launcher" value="SUN_STANDARD"/><property name="org.osgi.supports.framework.extension" value="true"/><property name="sun.management.compiler" value="HotSpot 64-Bit Tiered Compilers"/><property name="eclipse.p2.profile" value="epp.package.modeling"/><property name="os.name" value="Linux"/><property name="sun.boot.class.path" value="/home/antonio/bin/jdk1.6.0_33/jre/lib/resources.jar:/home/antonio/bin/jdk1.6.0_33/jre/lib/rt.jar:/home/antonio/bin/jdk1.6.0_33/jre/lib/sunrsasign.jar:/home/antonio/bin/jdk1.6.0_33/jre/lib/jsse.jar:/home/antonio/bin/jdk1.6.0_33/jre/lib/jce.jar:/home/antonio/bin/jdk1.6.0_33/jre/lib/charsets.jar:/home/antonio/bin/jdk1.6.0_33/jre/lib/modules/jdk.boot.jar:/home/antonio/bin/jdk1.6.0_33/jre/classes"/><property name="osgi.ws" value="gtk"/><property name="java.vm.specification.vendor" value="Sun Microsystems Inc."/><property name="java.runtime.version" value="1.6.0_33-b04"/><property name="help.lucene.tokenizer" value="standard"/><property name="osgi.instance.area" value="file:/home/antonio/Documents/sodmt/junit-workspace/"/><property name="org.osgi.framework.uuid" value="b072fc6e-7586-0012-1bc3-e58ae9bac78a"/><property name="osgi.nl.user" value="es_ES"/><property name="user.name" value="antonio"/><property name="osgi.framework.extensions" value=""/><property name="org.osgi.framework.system.packages" value="javax.accessibility,javax.activation,javax.activity,javax.annotation,javax.annotation.processing,javax.crypto,javax.crypto.interfaces,javax.crypto.spec,javax.imageio,javax.imageio.event,javax.imageio.metadata,javax.imageio.plugins.bmp,javax.imageio.plugins.jpeg,javax.imageio.spi,javax.imageio.stream,javax.jws,javax.jws.soap,javax.lang.model,javax.lang.model.element,javax.lang.model.type,javax.lang.model.util,javax.management,javax.management.loading,javax.management.modelmbean,javax.management.monitor,javax.management.openmbean,javax.management.relation,javax.management.remote,javax.management.remote.rmi,javax.management.timer,javax.naming,javax.naming.directory,javax.naming.event,javax.naming.ldap,javax.naming.spi,javax.net,javax.net.ssl,javax.print,javax.print.attribute,javax.print.attribute.standard,javax.print.event,javax.rmi,javax.rmi.CORBA,javax.rmi.ssl,javax.script,javax.security.auth,javax.security.auth.callback,javax.security.auth.kerberos,javax.security.auth.login,javax.security.auth.spi,javax.security.auth.x500,javax.security.cert,javax.security.sasl,javax.sound.midi,javax.sound.midi.spi,javax.sound.sampled,javax.sound.sampled.spi,javax.sql,javax.sql.rowset,javax.sql.rowset.serial,javax.sql.rowset.spi,javax.swing,javax.swing.border,javax.swing.colorchooser,javax.swing.event,javax.swing.filechooser,javax.swing.plaf,javax.swing.plaf.basic,javax.swing.plaf.metal,javax.swing.plaf.multi,javax.swing.plaf.synth,javax.swing.table,javax.swing.text,javax.swing.text.html,javax.swing.text.html.parser,javax.swing.text.rtf,javax.swing.tree,javax.swing.undo,javax.tools,javax.transaction,javax.transaction.xa,javax.xml,javax.xml.bind,javax.xml.bind.annotation,javax.xml.bind.annotation.adapters,javax.xml.bind.attachment,javax.xml.bind.helpers,javax.xml.bind.util,javax.xml.crypto,javax.xml.crypto.dom,javax.xml.crypto.dsig,javax.xml.crypto.dsig.dom,javax.xml.crypto.dsig.keyinfo,javax.xml.crypto.dsig.spec,javax.xml.datatype,javax.xml.namespace,javax.xml.parsers,javax.xml.soap,javax.xml.stream,javax.xml.stream.events,javax.xml.stream.util,javax.xml.transform,javax.xml.transform.dom,javax.xml.transform.sax,javax.xml.transform.stax,javax.xml.transform.stream,javax.xml.validation,javax.xml.ws,javax.xml.ws.handler,javax.xml.ws.handler.soap,javax.xml.ws.http,javax.xml.ws.soap,javax.xml.ws.spi,javax.xml.ws.wsaddressing,javax.xml.xpath,org.ietf.jgss,org.omg.CORBA,org.omg.CORBA_2_3,org.omg.CORBA_2_3.portable,org.omg.CORBA.DynAnyPackage,org.omg.CORBA.ORBPackage,org.omg.CORBA.portable,org.omg.CORBA.TypeCodePackage,org.omg.CosNaming,org.omg.CosNaming.NamingContextExtPackage,org.omg.CosNaming.NamingContextPackage,org.omg.Dynamic,org.omg.DynamicAny,org.omg.DynamicAny.DynAnyFactoryPackage,org.omg.DynamicAny.DynAnyPackage,org.omg.IOP,org.omg.IOP.CodecFactoryPackage,org.omg.IOP.CodecPackage,org.omg.Messaging,org.omg.PortableInterceptor,org.omg.PortableInterceptor.ORBInitInfoPackage,org.omg.PortableServer,org.omg.PortableServer.CurrentPackage,org.omg.PortableServer.POAManagerPackage,org.omg.PortableServer.POAPackage,org.omg.PortableServer.portable,org.omg.PortableServer.ServantLocatorPackage,org.omg.SendingContext,org.omg.stub.java.rmi,org.w3c.dom,org.w3c.dom.bootstrap,org.w3c.dom.css,org.w3c.dom.events,org.w3c.dom.html,org.w3c.dom.ls,org.w3c.dom.ranges,org.w3c.dom.stylesheets,org.w3c.dom.traversal,org.w3c.dom.views,org.w3c.dom.xpath,org.xml.sax,org.xml.sax.ext,org.xml.sax.helpers"/><property name="org.eclipse.swt.browser.UseWebKitGTK" value="true"/><property name="org.osgi.framework.language" value="es"/><property name="equinox.use.ds" value="true"/><property name="eclipse.pde.launch" value="true"/><property name="user.language" value="es"/><property name="org.osgi.framework.processor" value="x86-64"/><property name="osgi.syspath" value="/home/antonio/bin/eclipse-juno-other/plugins"/><property name="sun.boot.library.path" value="/home/antonio/bin/jdk1.6.0_33/jre/lib/amd64"/><property name="org.osgi.framework.system.capabilities" value="osgi.ee; osgi.ee=&quot;OSGi/Minimum&quot;; version:List&lt;Version&gt;=&quot;1.0, 1.1, 1.2&quot;,osgi.ee; osgi.ee=&quot;JRE&quot;; version:List&lt;Version&gt;=&quot;1.0, 1.1&quot;,osgi.ee; osgi.ee=&quot;JavaSE&quot;; version:List&lt;Version&gt;=&quot;1.0, 1.1, 1.2, 1.3, 1.4, 1.5, 1.6&quot;"/><property name="osgi.manifest.cache" value="/home/antonio/Documents/sodmt/workspace-metamodels/.metadata/.plugins/org.eclipse.pde.core/pde-junit/org.eclipse.osgi/manifests"/><property name="java.version" value="1.6.0_33"/><property name="org.osgi.framework.os.name" value="Linux"/><property name="user.timezone" value="Europe/Madrid"/><property name="sun.arch.data.model" value="64"/><property name="osgi.bundles" value="reference:file:/home/antonio/bin/eclipse-juno-other/plugins/org.eclipse.equinox.simpleconfigurator_1.0.301.v20120828-033635.jar@1:start"/><property name="java.endorsed.dirs" value="/home/antonio/bin/jdk1.6.0_33/jre/lib/endorsed"/><property name="osgi.tracefile" value="/home/antonio/Documents/sodmt/junit-workspace/.metadata/trace.log"/><property name="eclipse.application" value="org.eclipse.pde.junit.runtime.nonuithreadtestapplication"/><property name="sun.cpu.isalist" value=""/><property name="sun.jnu.encoding" value="UTF-8"/><property name="file.encoding.pkg" value="sun.io"/><property name="org.osgi.framework.vendor" value="Eclipse"/><property name="file.separator" value="/"/><property name="java.specification.name" value="Java Platform API Specification"/><property name="osgi.checkConfiguration" value="true"/><property name="java.class.version" value="50.0"/><property name="user.country" value="ES"/><property name="osgi.configuration.cascaded" value="false"/><property name="java.home" value="/home/antonio/bin/jdk1.6.0_33/jre"/><property name="osgi.os" value="linux"/><property name="eclipse.commands" value="-os&#10;linux&#10;-ws&#10;gtk&#10;-arch&#10;x86_64&#10;-nl&#10;es_ES&#10;-consoleLog&#10;-version&#10;3&#10;-port&#10;45426&#10;-testLoaderClass&#10;org.eclipse.jdt.internal.junit4.runner.JUnit4TestLoader&#10;-loaderpluginname&#10;org.eclipse.jdt.junit4.runtime&#10;-classNames&#10;org.eclipse.epsilon.examples.eunit.junit.JUnitIntegrationExampleSuite&#10;-application&#10;org.eclipse.pde.junit.runtime.nonuithreadtestapplication&#10;-product&#10;org.eclipse.platform.ide&#10;-data&#10;/home/antonio/Documents/sodmt/workspace-metamodels/../junit-workspace&#10;-configuration&#10;file:/home/antonio/Documents/sodmt/workspace-metamodels/.metadata/.plugins/org.eclipse.pde.core/pde-junit/&#10;-dev&#10;file:/home/antonio/Documents/sodmt/workspace-metamodels/.metadata/.plugins/org.eclipse.pde.core/pde-junit/dev.properties&#10;-os&#10;linux&#10;-ws&#10;gtk&#10;-arch&#10;x86_64&#10;-nl&#10;es_ES&#10;-consoleLog&#10;-testpluginname&#10;org.eclipse.epsilon.examples.eunit.junit&#10;"/><property name="java.vm.info" value="mixed mode"/><property name="os.version" value="3.7.9-2-ARCH"/><property name="osgi.arch" value="x86_64"/><property name="path.separator" value=":"/><property name="java.vm.version" value="20.8-b03"/><property name="org.osgi.supports.framework.fragment" value="true"/><property name="osgi.framework.shape" value="jar"/><property name="osgi.instance.area.default" value="file:/home/antonio/workspace/"/><property name="java.awt.printerjob" value="sun.print.PSPrinterJob"/><property name="sun.io.unicode.encoding" value="UnicodeLittle"/><property name="org.osgi.framework.version" value="1.7.0"/><property name="osgi.install.area" value="file:/home/antonio/bin/eclipse-juno-other/"/><property name="osgi.dev" value="file:/home/antonio/Documents/sodmt/workspace-metamodels/.metadata/.plugins/org.eclipse.pde.core/pde-junit/dev.properties"/><property name="osgi.framework" value="file:/home/antonio/bin/eclipse-juno-other/plugins/org.eclipse.osgi_3.8.1.v20120830-144521.jar"/><property name="user.home" value="/home/antonio"/><property name="org.eclipse.equinox.simpleconfigurator.configUrl" value="file:/home/antonio/Documents/sodmt/workspace-metamodels/.metadata/.plugins/org.eclipse.pde.core/pde-junit/org.eclipse.equinox.simpleconfigurator/bundles.info"/><property name="osgi.bundlestore" value="/home/antonio/Documents/sodmt/workspace-metamodels/.metadata/.plugins/org.eclipse.pde.core/pde-junit/org.eclipse.osgi/bundles"/><property name="osgi.splashPath" value="file:/home/antonio/bin/eclipse-juno-other/plugins/org.eclipse.platform_4.2.1.v201209141800"/><property name="eclipse.consoleLog" value="true"/><property name="java.specification.vendor" value="Sun Microsystems Inc."/><property name="osgi.nl" value="es_ES"/><property name="java.library.path" value="/home/antonio/bin/jdk1.6.0_33/jre/lib/amd64/server:/home/antonio/bin/jdk1.6.0_33/jre/lib/amd64:/home/antonio/bin/jdk1.6.0_33/jre/../lib/amd64:/usr/java/packages/lib/amd64:/usr/lib64:/lib64:/lib:/usr/lib"/><property name="java.vendor.url" value="http://java.sun.com/"/><property name="org.osgi.framework.os.version" value="3.7.9"/><property name="eclipse.startTime" value="1362584970379"/><property name="eclipse.p2.data.area" value="@config.dir/p2"/><property name="java.vm.vendor" value="Sun Microsystems Inc."/><property name="java.runtime.name" value="Java(TM) SE Runtime Environment"/><property name="sun.java.command" value="org.eclipse.equinox.launcher.Main -os linux -ws gtk -arch x86_64 -nl es_ES -consoleLog -version 3 -port 45426 -testLoaderClass org.eclipse.jdt.internal.junit4.runner.JUnit4TestLoader -loaderpluginname org.eclipse.jdt.junit4.runtime -classNames org.eclipse.epsilon.examples.eunit.junit.JUnitIntegrationExampleSuite -application org.eclipse.pde.junit.runtime.nonuithreadtestapplication -product org.eclipse.platform.ide -data /home/antonio/Documents/sodmt/workspace-metamodels/../junit-workspace -configuration file:/home/antonio/Documents/sodmt/workspace-metamodels/.metadata/.plugins/org.eclipse.pde.core/pde-junit/ -dev file:/home/antonio/Documents/sodmt/workspace-metamodels/.metadata/.plugins/org.eclipse.pde.core/pde-junit/dev.properties -os linux -ws gtk -arch x86_64 -nl es_ES -consoleLog -testpluginname org.eclipse.epsilon.examples.eunit.junit"/><property name="java.class.path" value="/home/antonio/bin/eclipse-juno-other/plugins/org.eclipse.equinox.launcher_1.3.0.v20120522-1813.jar"/><property name="osgi.requiredJavaVersion" value="1.5"/><property name="org.eclipse.update.reconcile" value="false"/><property name="java.vm.specification.name" value="Java Virtual Machine Specification"/><property name="java.vm.specification.version" value="1.0"/><property name="sun.cpu.endian" value="little"/><property name="sun.os.patch.level" value="unknown"/><property name="gosh.args" value="--nointeractive"/><property name="java.io.tmpdir" value="/tmp"/><property name="applicationXMI" value="org.eclipse.ui.workbench/LegacyIDE.e4xmi"/><property name="java.vendor.url.bug" value="http://java.sun.com/cgi-bin/bugreport.cgi"/><property name="eclipse.product" value="org.eclipse.platform.ide"/><property name="eclipse.home.location" value="file:/home/antonio/bin/eclipse-juno-other/"/><property name="os.arch" value="amd64"/><property name="java.awt.graphicsenv" value="sun.awt.X11GraphicsEnvironment"/><property name="java.ext.dirs" value="/home/antonio/bin/jdk1.6.0_33/jre/lib/ext:/usr/java/packages/lib/ext"/><property name="user.dir" value="/home/antonio/Documents/org.eclipse.epsilon/examples/org.eclipse.epsilon.eunit.examples.junit"/><property name="org.osgi.supports.framework.requirebundle" value="true"/><property name="line.separator" value="&#10;"/><property name="java.vm.name" value="Java HotSpot(TM) 64-Bit Server VM"/><property name="org.apache.commons.logging.Log" value="org.apache.commons.logging.impl.NoOpLog"/><property name="file.encoding" value="UTF-8"/><property name="osgi.framework.version" value="3.8.1.v20120830-144521"/><property name="eclipse.buildId" value="M20120914-1800"/><property name="java.specification.version" value="1.6"/><property name="org.osgi.framework.executionenvironment" value="OSGi/Minimum-1.0,OSGi/Minimum-1.1,OSGi/Minimum-1.2,JRE-1.1,J2SE-1.2,J2SE-1.3,J2SE-1.4,J2SE-1.5,JavaSE-1.6"/><property name="osgi.logfile" value="/home/antonio/Documents/sodmt/junit-workspace/.metadata/.log"/><property name="osgi.configuration.area" value="file:/home/antonio/Documents/sodmt/workspace-metamodels/.metadata/.plugins/org.eclipse.pde.core/pde-junit/"/></properties><testcase classname="default.example" name="emptyToEmpty" time="0.0850000"/><testcase classname="default.example" name="oneNodeToRoot" time="0.122000"/><testcase classname="default.example" name="twoLevels" time="0.0330000"/><system-out/><system-err/></testsuite>