<?xml version="1.0" encoding="UTF-8" standalone="no"?><testsuite errors="0" failures="0" hostname="Dimitrios-Kolovoss-MacBook-Pro.local" name="default.tests" tests="5" time="0.736000"><properties><property name="java.vendor" value="Apple Inc."/><property name="osgi.bundles.defaultStartLevel" value="4"/><property name="sun.java.launcher" value="SUN_STANDARD"/><property name="org.osgi.supports.framework.extension" value="true"/><property name="sun.management.compiler" value="HotSpot 64-Bit Tiered Compilers"/><property name="eclipse.p2.profile" value="epp.package.modeling"/><property name="os.name" value="Mac OS X"/><property name="sun.boot.class.path" value="/Users/dimitrioskolovos/Projects/Eclipse/4.2/plugins/org.eclipse.jdt.debug_3.7.100.v20120529-1702/jdi.jar:/System/Library/Java/JavaVirtualMachines/1.6.0.jdk/Contents/Classes/jsfd.jar:/System/Library/Java/JavaVirtualMachines/1.6.0.jdk/Contents/Classes/classes.jar:/System/Library/Frameworks/JavaVM.framework/Frameworks/JavaRuntimeSupport.framework/Resources/Java/JavaRuntimeSupport.jar:/System/Library/Java/JavaVirtualMachines/1.6.0.jdk/Contents/Classes/ui.jar:/System/Library/Java/JavaVirtualMachines/1.6.0.jdk/Contents/Classes/laf.jar:/System/Library/Java/JavaVirtualMachines/1.6.0.jdk/Contents/Classes/sunrsasign.jar:/System/Library/Java/JavaVirtualMachines/1.6.0.jdk/Contents/Classes/jsse.jar:/System/Library/Java/JavaVirtualMachines/1.6.0.jdk/Contents/Classes/jce.jar:/System/Library/Java/JavaVirtualMachines/1.6.0.jdk/Contents/Classes/charsets.jar"/><property name="osgi.ws" value="cocoa"/><property name="java.vm.specification.vendor" value="Sun Microsystems Inc."/><property name="ant.home" value="/Users/dimitrioskolovos/Projects/Eclipse/4.2/plugins/org.apache.ant_1.8.3.v20120321-1730"/><property name="java.runtime.version" value="1.6.0_37-b06-434-11M3909"/><property name="help.lucene.tokenizer" value="standard"/><property name="osgi.instance.area" value="file:/Users/dimitrioskolovos/Projects/Eclipse/4.2/runtime-examples/"/><property name="org.osgi.framework.uuid" value="f02199b3-8d25-0012-1b37-908e85bdd4bc"/><property name="osgi.nl.user" value="en_US"/><property name="user.name" value="dimitrioskolovos"/><property name="osgi.framework.extensions" value=""/><property name="org.osgi.framework.system.packages" value="javax.accessibility,javax.activation,javax.activity,javax.annotation,javax.annotation.processing,javax.crypto,javax.crypto.interfaces,javax.crypto.spec,javax.imageio,javax.imageio.event,javax.imageio.metadata,javax.imageio.plugins.bmp,javax.imageio.plugins.jpeg,javax.imageio.spi,javax.imageio.stream,javax.jws,javax.jws.soap,javax.lang.model,javax.lang.model.element,javax.lang.model.type,javax.lang.model.util,javax.management,javax.management.loading,javax.management.modelmbean,javax.management.monitor,javax.management.openmbean,javax.management.relation,javax.management.remote,javax.management.remote.rmi,javax.management.timer,javax.naming,javax.naming.directory,javax.naming.event,javax.naming.ldap,javax.naming.spi,javax.net,javax.net.ssl,javax.print,javax.print.attribute,javax.print.attribute.standard,javax.print.event,javax.rmi,javax.rmi.CORBA,javax.rmi.ssl,javax.script,javax.security.auth,javax.security.auth.callback,javax.security.auth.kerberos,javax.security.auth.login,javax.security.auth.spi,javax.security.auth.x500,javax.security.cert,javax.security.sasl,javax.sound.midi,javax.sound.midi.spi,javax.sound.sampled,javax.sound.sampled.spi,javax.sql,javax.sql.rowset,javax.sql.rowset.serial,javax.sql.rowset.spi,javax.swing,javax.swing.border,javax.swing.colorchooser,javax.swing.event,javax.swing.filechooser,javax.swing.plaf,javax.swing.plaf.basic,javax.swing.plaf.metal,javax.swing.plaf.multi,javax.swing.plaf.synth,javax.swing.table,javax.swing.text,javax.swing.text.html,javax.swing.text.html.parser,javax.swing.text.rtf,javax.swing.tree,javax.swing.undo,javax.tools,javax.transaction,javax.transaction.xa,javax.xml,javax.xml.bind,javax.xml.bind.annotation,javax.xml.bind.annotation.adapters,javax.xml.bind.attachment,javax.xml.bind.helpers,javax.xml.bind.util,javax.xml.crypto,javax.xml.crypto.dom,javax.xml.crypto.dsig,javax.xml.crypto.dsig.dom,javax.xml.crypto.dsig.keyinfo,javax.xml.crypto.dsig.spec,javax.xml.datatype,javax.xml.namespace,javax.xml.parsers,javax.xml.soap,javax.xml.stream,javax.xml.stream.events,javax.xml.stream.util,javax.xml.transform,javax.xml.transform.dom,javax.xml.transform.sax,javax.xml.transform.stax,javax.xml.transform.stream,javax.xml.validation,javax.xml.ws,javax.xml.ws.handler,javax.xml.ws.handler.soap,javax.xml.ws.http,javax.xml.ws.soap,javax.xml.ws.spi,javax.xml.ws.wsaddressing,javax.xml.xpath,org.ietf.jgss,org.omg.CORBA,org.omg.CORBA_2_3,org.omg.CORBA_2_3.portable,org.omg.CORBA.DynAnyPackage,org.omg.CORBA.ORBPackage,org.omg.CORBA.portable,org.omg.CORBA.TypeCodePackage,org.omg.CosNaming,org.omg.CosNaming.NamingContextExtPackage,org.omg.CosNaming.NamingContextPackage,org.omg.Dynamic,org.omg.DynamicAny,org.omg.DynamicAny.DynAnyFactoryPackage,org.omg.DynamicAny.DynAnyPackage,org.omg.IOP,org.omg.IOP.CodecFactoryPackage,org.omg.IOP.CodecPackage,org.omg.Messaging,org.omg.PortableInterceptor,org.omg.PortableInterceptor.ORBInitInfoPackage,org.omg.PortableServer,org.omg.PortableServer.CurrentPackage,org.omg.PortableServer.POAManagerPackage,org.omg.PortableServer.POAPackage,org.omg.PortableServer.portable,org.omg.PortableServer.ServantLocatorPackage,org.omg.SendingContext,org.omg.stub.java.rmi,org.w3c.dom,org.w3c.dom.bootstrap,org.w3c.dom.css,org.w3c.dom.events,org.w3c.dom.html,org.w3c.dom.ls,org.w3c.dom.ranges,org.w3c.dom.stylesheets,org.w3c.dom.traversal,org.w3c.dom.views,org.w3c.dom.xpath,org.xml.sax,org.xml.sax.ext,org.xml.sax.helpers"/><property name="awt.nativeDoubleBuffering" value="true"/><property name="eclipse.launcher" value="/Users/dimitrioskolovos/Projects/Eclipse/4.2/Eclipse.app/Contents/MacOS/eclipse"/><property name="org.eclipse.update.resolution_url" value=""/><property name="eclipse.launcher.name" value="Eclipse"/><property name="org.osgi.framework.language" value="en"/><property name="equinox.use.ds" value="true"/><property name="eclipse.pde.launch" value="true"/><property name="user.language" value="en"/><property name="org.osgi.framework.processor" value="x86-64"/><property name="osgi.syspath" value="/Users/dimitrioskolovos/Projects/Eclipse/4.2/plugins"/><property name="sun.boot.library.path" value="/System/Library/Java/JavaVirtualMachines/1.6.0.jdk/Contents/Libraries"/><property name="org.osgi.framework.system.capabilities" value="osgi.ee; osgi.ee=&quot;OSGi/Minimum&quot;; version:List&lt;Version&gt;=&quot;1.0, 1.1, 1.2&quot;,osgi.ee; osgi.ee=&quot;JRE&quot;; version:List&lt;Version&gt;=&quot;1.0, 1.1&quot;,osgi.ee; osgi.ee=&quot;JavaSE&quot;; version:List&lt;Version&gt;=&quot;1.0, 1.1, 1.2, 1.3, 1.4, 1.5, 1.6&quot;"/><property name="osgi.manifest.cache" value="/Users/dimitrioskolovos/Projects/Eclipse/4.2/workspace/.metadata/.plugins/org.eclipse.pde.core/examples/org.eclipse.osgi/manifests"/><property name="java.version" value="1.6.0_37"/><property name="org.osgi.framework.os.name" value="MacOSX"/><property name="user.timezone" value="Europe/London"/><property name="osgi.bundles" value="reference:file:/Users/dimitrioskolovos/Projects/Eclipse/4.2/plugins/org.eclipse.equinox.simpleconfigurator_1.0.300.v20110815-1744.jar@1:start"/><property name="sun.arch.data.model" value="64"/><property name="java.endorsed.dirs" value="/System/Library/Java/JavaVirtualMachines/1.6.0.jdk/Contents/Home/lib/endorsed"/><property name="osgi.tracefile" value="/Users/dimitrioskolovos/Projects/Eclipse/4.2/runtime-examples/.metadata/trace.log"/><property name="eclipse.application" value="org.eclipse.ui.ide.workbench"/><property name="sun.cpu.isalist" value=""/><property name="sun.jnu.encoding" value="MacRoman"/><property name="file.encoding.pkg" value="sun.io"/><property name="org.osgi.framework.vendor" value="Eclipse"/><property name="file.separator" value="/"/><property name="java.specification.name" value="Java Platform API Specification"/><property name="osgi.checkConfiguration" value="true"/><property name="java.class.version" value="50.0"/><property name="user.country" value="US"/><property name="org.eclipse.equinox.launcher.splash.location" value="/Users/dimitrioskolovos/Projects/Eclipse/4.2/plugins/org.eclipse.platform_4.2.0.v201206081400/splash.bmp"/><property name="osgi.configuration.cascaded" value="false"/><property name="java.home" value="/System/Library/Java/JavaVirtualMachines/1.6.0.jdk/Contents/Home"/><property name="osgi.os" value="macosx"/><property name="eclipse.commands" value="-launcher&#10;/Users/dimitrioskolovos/Projects/Eclipse/4.2/Eclipse.app/Contents/MacOS/eclipse&#10;-name&#10;Eclipse&#10;-showsplash&#10;600&#10;-product&#10;org.eclipse.platform.ide&#10;-data&#10;/Users/dimitrioskolovos/Projects/Eclipse/4.2/workspace/../runtime-examples&#10;-configuration&#10;file:/Users/dimitrioskolovos/Projects/Eclipse/4.2/workspace/.metadata/.plugins/org.eclipse.pde.core/examples/&#10;-dev&#10;file:/Users/dimitrioskolovos/Projects/Eclipse/4.2/workspace/.metadata/.plugins/org.eclipse.pde.core/examples/dev.properties&#10;-os&#10;macosx&#10;-ws&#10;cocoa&#10;-arch&#10;x86_64&#10;-nl&#10;en_US&#10;-consoleLog&#10;"/><property name="java.vm.info" value="mixed mode"/><property name="osgi.splashLocation" value="/Users/dimitrioskolovos/Projects/Eclipse/4.2/plugins/org.eclipse.platform_4.2.0.v201206081400/splash.bmp"/><property name="os.version" value="10.7.5"/><property name="osgi.arch" value="x86_64"/><property name="path.separator" value=":"/><property name="java.vm.version" value="20.12-b01-434"/><property name="org.osgi.supports.framework.fragment" value="true"/><property name="ant.library.dir" value="/Users/dimitrioskolovos/Projects/Eclipse/4.2/plugins/org.apache.ant_1.8.3.v20120321-1730/lib"/><property name="osgi.framework.shape" value="jar"/><property name="osgi.instance.area.default" value="file:/Users/dimitrioskolovos/Documents/workspace/"/><property name="java.awt.printerjob" value="apple.awt.CPrinterJob"/><property name="sun.io.unicode.encoding" value="UnicodeLittle"/><property name="org.osgi.framework.version" value="1.7.0"/><property name="awt.toolkit" value="apple.awt.CToolkit"/><property name="socksNonProxyHosts" value="local|*.local|169.254/16|*.169.254/16"/><property name="ftp.nonProxyHosts" value="local|*.local|169.254/16|*.169.254/16"/><property name="osgi.install.area" value="file:/Users/dimitrioskolovos/Projects/Eclipse/4.2/"/><property name="osgi.dev" value="file:/Users/dimitrioskolovos/Projects/Eclipse/4.2/workspace/.metadata/.plugins/org.eclipse.pde.core/examples/dev.properties"/><property name="osgi.framework" value="file:/Users/dimitrioskolovos/Projects/Eclipse/4.2/plugins/org.eclipse.osgi_3.8.0.v20120529-1548.jar"/><property name="user.home" value="/Users/dimitrioskolovos"/><property name="org.eclipse.equinox.simpleconfigurator.configUrl" value="file:/Users/dimitrioskolovos/Projects/Eclipse/4.2/workspace/.metadata/.plugins/org.eclipse.pde.core/examples/org.eclipse.equinox.simpleconfigurator/bundles.info"/><property name="osgi.bundlestore" value="/Users/dimitrioskolovos/Projects/Eclipse/4.2/workspace/.metadata/.plugins/org.eclipse.pde.core/examples/org.eclipse.osgi/bundles"/><property name="osgi.splashPath" value="file:/Users/dimitrioskolovos/Projects/Eclipse/4.2/plugins/org.eclipse.platform_4.2.0.v201206081400"/><property name="eclipse.consoleLog" value="true"/><property name="java.specification.vendor" value="Sun Microsystems Inc."/><property name="osgi.nl" value="en_US"/><property name="java.library.path" value=".:/Library/Java/Extensions:/System/Library/Java/Extensions:/usr/lib/java"/><property name="java.vendor.url" value="http://www.apple.com/"/><property name="org.osgi.framework.os.version" value="10.7.5"/><property name="eclipse.p2.data.area" value="@config.dir/.p2"/><property name="eclipse.startTime" value="1351930129919"/><property name="java.vm.vendor" value="Apple Inc."/><property name="gopherProxySet" value="false"/><property name="java.runtime.name" value="Java(TM) SE Runtime Environment"/><property name="sun.java.command" value="org.eclipse.equinox.launcher.Main -launcher /Users/dimitrioskolovos/Projects/Eclipse/4.2/Eclipse.app/Contents/MacOS/eclipse -name Eclipse -showsplash 600 -product org.eclipse.platform.ide -data /Users/dimitrioskolovos/Projects/Eclipse/4.2/workspace/../runtime-examples -configuration file:/Users/dimitrioskolovos/Projects/Eclipse/4.2/workspace/.metadata/.plugins/org.eclipse.pde.core/examples/ -dev file:/Users/dimitrioskolovos/Projects/Eclipse/4.2/workspace/.metadata/.plugins/org.eclipse.pde.core/examples/dev.properties -os macosx -ws cocoa -arch x86_64 -nl en_US -consoleLog"/><property name="java.class.path" value="/Users/dimitrioskolovos/Projects/Eclipse/4.2/plugins/org.eclipse.equinox.launcher_1.3.0.v20120522-1813.jar"/><property name="osgi.requiredJavaVersion" value="1.5"/><property name="org.eclipse.update.reconcile" value="false"/><property name="java.vm.specification.name" value="Java Virtual Machine Specification"/><property name="java.vm.specification.version" value="1.0"/><property name="sun.cpu.endian" value="little"/><property name="org.eclipse.swt.internal.carbon.smallFonts" value=""/><property name="sun.os.patch.level" value="unknown"/><property name="gosh.args" value="--nointeractive"/><property name="java.io.tmpdir" value="/var/folders/mn/0srvrpy92q7_mfj5h70r620r0000gn/T/"/><property name="applicationXMI" value="org.eclipse.ui.workbench/LegacyIDE.e4xmi"/><property name="java.vendor.url.bug" value="http://bugreport.apple.com/"/><property name="eclipse.product" value="org.eclipse.platform.ide"/><property name="eclipse.home.location" value="file:/Users/dimitrioskolovos/Projects/Eclipse/4.2/"/><property name="mrj.build" value="11M3909"/><property name="os.arch" value="x86_64"/><property name="java.awt.graphicsenv" value="apple.awt.CGraphicsEnvironment"/><property name="java.ext.dirs" value="/Library/Java/Extensions:/System/Library/Java/Extensions:/System/Library/Java/JavaVirtualMachines/1.6.0.jdk/Contents/Home/lib/ext"/><property name="mrj.version" value="1070.1.6.0_37-434"/><property name="user.dir" value="/Users/dimitrioskolovos/Projects/Eclipse/4.2/Eclipse.app/Contents/MacOS"/><property name="org.osgi.supports.framework.requirebundle" value="true"/><property name="line.separator" value="&#10;"/><property name="java.vm.name" value="Java HotSpot(TM) 64-Bit Server VM"/><property name="org.apache.commons.logging.Log" value="org.apache.commons.logging.impl.NoOpLog"/><property name="file.encoding" value="US-ASCII"/><property name="osgi.framework.version" value="3.8.0.v20120529-1548"/><property name="eclipse.buildId" value="I20120608-1400"/><property name="java.specification.version" value="1.6"/><property name="org.osgi.framework.executionenvironment" value="OSGi/Minimum-1.0,OSGi/Minimum-1.1,OSGi/Minimum-1.2,JRE-1.1,J2SE-1.2,J2SE-1.3,J2SE-1.4,J2SE-1.5,JavaSE-1.6"/><property name="osgi.logfile" value="/Users/dimitrioskolovos/Projects/Eclipse/4.2/runtime-examples/.metadata/.log"/><property name="osgi.configuration.area" value="file:/Users/dimitrioskolovos/Projects/Eclipse/4.2/workspace/.metadata/.plugins/org.eclipse.pde.core/examples/"/></properties><testcase classname="default.tests.eunit" name="integers" time="0.0270000"/><testcase classname="default.tests.eunit" name="floats" time="0.00000"/><testcase classname="default.tests.eunit" name="strings" time="0.00100000"/><testcase classname="default.tests.eunit" name="errors" time="0.00100000"/><testcase classname="default.tests.eunit" name="customAssertion" time="0.00400000"/><system-out>Test integers {} passed [cpu: 5 ms, wallclock: 27 ms]
Test floats {} passed [cpu: 0 ms, wallclock: 0 ms]
Test strings {} passed [cpu: 0 ms, wallclock: 1 ms]
Test errors {} passed [cpu: 0 ms, wallclock: 1 ms]
Test customAssertion {} passed [cpu: 3 ms, wallclock: 4 ms]
Test root {} passed [cpu: 24 ms, wallclock: 736 ms]
</system-out><system-err/></testsuite>